2018-05-26 12:19:30,694  INFO [main] hfLogger:76 - Launching Chrome...
 2018-05-26 12:24:37,649  INFO [main] hfLogger:166 - bdb14ec809b9@GRHSLM.LBCR
 2018-05-26 12:24:52,549  INFO [main] hfLogger:166 - bdb14ec809b9@GRHSLM.LBCR
 2018-05-26 12:25:15,253  INFO [main] hfLogger:166 - bdb14ec809b9@GRHSLM.LBCR
 2018-05-26 12:29:54,599  INFO [main] hfLogger:76 - Launching Chrome...
 2018-05-26 12:32:44,917  INFO [main] hfLogger:76 - Launching Chrome...
 2018-05-26 12:33:11,920  INFO [main] hfLogger:167 - 298d01bee3cb@XJUGJE.YDWH
 2018-05-26 12:33:15,900 DEBUG [main] hfLogger:174 - --- Registered Email: 298d01bee3cb@XJUGJE.YDWH
 2018-05-26 12:33:15,900 DEBUG [main] hfLogger:175 - --- Password Used: TF3R4MXIKFF
 2018-05-26 12:33:34,446  INFO [main] hfLogger:167 - 298d01bee3cb@XJUGJE.YDWH
 2018-05-26 12:36:17,870  INFO [main] hfLogger:76 - Launching Chrome...
 2018-05-26 12:37:30,907  INFO [main] hfLogger:168 - 5a60596e0313@JWZZTQ.ANHA
 2018-05-26 12:37:34,357 DEBUG [main] hfLogger:175 - --- Registered Email: 5a60596e0313@JWZZTQ.ANHA
 2018-05-26 12:37:34,358 DEBUG [main] hfLogger:176 - --- Password Used: ZI49D1OAL52E
 2018-05-26 12:37:52,505  INFO [main] hfLogger:168 - 891690bf3a5c@AZQQQJ.KBXYVQ
 2018-05-26 12:37:55,611 DEBUG [main] hfLogger:175 - --- Registered Email: 891690bf3a5c@AZQQQJ.KBXYVQ
 2018-05-26 12:37:55,611 DEBUG [main] hfLogger:176 - --- Password Used: F5ACI7WL5YZ
 2018-05-26 12:38:07,267  INFO [main] hfLogger:168 - f4e96577fb64@DGWSKI.VAMAU
 2018-05-26 12:38:10,797 DEBUG [main] hfLogger:175 - --- Registered Email: f4e96577fb64@DGWSKI.VAMAU
 2018-05-26 12:38:10,797 DEBUG [main] hfLogger:176 - --- Password Used: WSGSL0QF7GA
 2018-05-26 12:38:22,956  INFO [main] hfLogger:168 - fb43e0ad3a64@ADAAKA.ALRIZ
 2018-05-26 12:38:26,262 DEBUG [main] hfLogger:175 - --- Registered Email: fb43e0ad3a64@ADAAKA.ALRIZ
 2018-05-26 12:38:26,263 DEBUG [main] hfLogger:176 - --- Password Used: 9MBWRBK1NLX9
 2018-05-26 12:38:37,935  INFO [main] hfLogger:168 - 3bbdb33eb077@KYMBCR.TQHKK
 2018-05-26 12:38:41,050 DEBUG [main] hfLogger:175 - --- Registered Email: 3bbdb33eb077@KYMBCR.TQHKK
 2018-05-26 12:38:41,050 DEBUG [main] hfLogger:176 - --- Password Used: LA6424S74U4
 2018-05-26 12:38:52,314  INFO [main] hfLogger:168 - 8306372b80fe@YZBXPL.ZADO
 2018-05-26 12:38:55,043 DEBUG [main] hfLogger:175 - --- Registered Email: 8306372b80fe@YZBXPL.ZADO
 2018-05-26 12:38:55,044 DEBUG [main] hfLogger:176 - --- Password Used: IATKCD1XY6I
 2018-05-26 12:39:06,353  INFO [main] hfLogger:168 - ff94cbddaf5c@CPUQJN.ZYCCH
 2018-05-26 12:39:09,110 DEBUG [main] hfLogger:175 - --- Registered Email: ff94cbddaf5c@CPUQJN.ZYCCH
 2018-05-26 12:39:09,110 DEBUG [main] hfLogger:176 - --- Password Used: MNVZUTJYVNPQ
 2018-05-26 12:39:19,970  INFO [main] hfLogger:168 - b51134f39444@FMULWI.QCFTY
 2018-05-26 12:39:22,539 DEBUG [main] hfLogger:175 - --- Registered Email: b51134f39444@FMULWI.QCFTY
 2018-05-26 12:39:22,539 DEBUG [main] hfLogger:176 - --- Password Used: 9G616L3Z4M
 2018-05-26 12:39:33,874  INFO [main] hfLogger:168 - a8f5149016cf@HOLDQM.ASM
 2018-05-26 12:39:36,954 DEBUG [main] hfLogger:175 - --- Registered Email: a8f5149016cf@HOLDQM.ASM
 2018-05-26 12:39:36,954 DEBUG [main] hfLogger:176 - --- Password Used: 2LE3G4NODU
 2018-05-26 12:39:50,718  INFO [main] hfLogger:168 - 74da607cdab5@GRIICI.UD
 2018-05-26 12:39:53,379 DEBUG [main] hfLogger:175 - --- Registered Email: 74da607cdab5@GRIICI.UD
 2018-05-26 12:39:53,379 DEBUG [main] hfLogger:176 - --- Password Used: 80IOPL8DOVZO
 2018-05-26 12:40:03,652 DEBUG [main] hfLogger:210 - --- Logging-In Using: 2fffa204d5cf@EGVFAH.OY
 2018-05-26 12:40:03,652 DEBUG [main] hfLogger:211 - --- Password: E3735UOP7S
 2018-05-26 12:44:34,849  INFO [main] hfLogger:76 - Launching Chrome...
 2018-05-26 12:45:28,754  INFO [main] hfLogger:168 - 6337058efe71@ENLEBR.EODETI
 2018-05-26 12:45:34,032 DEBUG [main] hfLogger:175 - --- Registered Email: 6337058efe71@ENLEBR.EODETI
 2018-05-26 12:45:34,034 DEBUG [main] hfLogger:176 - --- Password Used: UR87HS6E4BD
 2018-05-26 12:45:47,879  INFO [main] hfLogger:168 - 518711e47bdb@XSIITY.OK
 2018-05-26 12:45:51,098 DEBUG [main] hfLogger:175 - --- Registered Email: 518711e47bdb@XSIITY.OK
 2018-05-26 12:45:51,098 DEBUG [main] hfLogger:176 - --- Password Used: JTY6EYT0US
 2018-05-26 12:46:03,798  INFO [main] hfLogger:168 - a3a4e6fa49a2@CEDFSL.FVC
 2018-05-26 12:46:06,901 DEBUG [main] hfLogger:175 - --- Registered Email: a3a4e6fa49a2@CEDFSL.FVC
 2018-05-26 12:46:06,902 DEBUG [main] hfLogger:176 - --- Password Used: YB3QOQR9AIQS
 2018-05-26 12:46:17,213  INFO [main] hfLogger:168 - 0aefbedebb8c@MCEJQW.IXJE
 2018-05-26 12:46:19,840 DEBUG [main] hfLogger:175 - --- Registered Email: 0aefbedebb8c@MCEJQW.IXJE
 2018-05-26 12:46:19,841 DEBUG [main] hfLogger:176 - --- Password Used: 9F844LI4Q91
 2018-05-26 12:46:30,234  INFO [main] hfLogger:168 - 3d4725f5b52b@RXCROG.ZG
 2018-05-26 12:46:32,880 DEBUG [main] hfLogger:175 - --- Registered Email: 3d4725f5b52b@RXCROG.ZG
 2018-05-26 12:46:32,881 DEBUG [main] hfLogger:176 - --- Password Used: 59CIKOXB1D
 2018-05-26 12:46:44,471  INFO [main] hfLogger:168 - 2f18168693b7@RSMHOW.EEXL
 2018-05-26 12:46:47,181 DEBUG [main] hfLogger:175 - --- Registered Email: 2f18168693b7@RSMHOW.EEXL
 2018-05-26 12:46:47,182 DEBUG [main] hfLogger:176 - --- Password Used: ZUVTJ5BVYG
 2018-05-26 12:47:00,574  INFO [main] hfLogger:168 - 9553313ae1f3@HORHUB.LYXC
 2018-05-26 12:47:03,632 DEBUG [main] hfLogger:175 - --- Registered Email: 9553313ae1f3@HORHUB.LYXC
 2018-05-26 12:47:03,633 DEBUG [main] hfLogger:176 - --- Password Used: I9TMPKXVA0
 2018-05-26 12:47:15,964  INFO [main] hfLogger:168 - b89ea2650413@MTEMIL.TGFHYA
 2018-05-26 12:47:20,819 DEBUG [main] hfLogger:175 - --- Registered Email: b89ea2650413@MTEMIL.TGFHYA
 2018-05-26 12:47:20,821 DEBUG [main] hfLogger:176 - --- Password Used: W3YFDRAL3DOQ
 2018-05-26 12:47:33,426  INFO [main] hfLogger:168 - 5ef824ace54c@UMPCTW.ZKBYH
 2018-05-26 12:47:36,756 DEBUG [main] hfLogger:175 - --- Registered Email: 5ef824ace54c@UMPCTW.ZKBYH
 2018-05-26 12:47:36,757 DEBUG [main] hfLogger:176 - --- Password Used: 7K4CG8SKGWV
 2018-05-26 12:47:49,699  INFO [main] hfLogger:168 - d39521477806@SMUMTE.HF
 2018-05-26 12:47:52,368 DEBUG [main] hfLogger:175 - --- Registered Email: d39521477806@SMUMTE.HF
 2018-05-26 12:47:52,369 DEBUG [main] hfLogger:176 - --- Password Used: LDZ51VCWH1I
 2018-05-26 12:49:55,192  INFO [main] hfLogger:76 - Launching Chrome...
 2018-05-26 12:50:51,780  INFO [main] hfLogger:168 - 799abadbf30a@RPTIII.FITDLX
 2018-05-26 12:50:54,514 DEBUG [main] hfLogger:175 - --- Registered Email: 799abadbf30a@RPTIII.FITDLX
 2018-05-26 12:50:54,515 DEBUG [main] hfLogger:176 - --- Password Used: G5LOTR182EY
 2018-05-26 12:51:06,115  INFO [main] hfLogger:168 - 275336a7173c@NKDKDP.INTRAC
 2018-05-26 12:51:08,718 DEBUG [main] hfLogger:175 - --- Registered Email: 275336a7173c@NKDKDP.INTRAC
 2018-05-26 12:51:08,719 DEBUG [main] hfLogger:176 - --- Password Used: 1UF0UVYCBFZX
 2018-05-26 12:51:18,922  INFO [main] hfLogger:168 - 35a07a91e67a@NNQHMI.FI
 2018-05-26 12:51:21,548 DEBUG [main] hfLogger:175 - --- Registered Email: 35a07a91e67a@NNQHMI.FI
 2018-05-26 12:51:21,549 DEBUG [main] hfLogger:176 - --- Password Used: 4DJ42TD4CV
 2018-05-26 12:51:30,528  INFO [main] hfLogger:206 - Value of testCount: 4
 2018-05-26 12:51:30,529  INFO [main] hfLogger:208 - Value of Count: 5
 2018-05-26 12:51:30,531 DEBUG [main] hfLogger:212 - --- Logging-In Using: db4e3a85788b@DNQTSV.KAAS
 2018-05-26 12:51:30,532 DEBUG [main] hfLogger:213 - --- Password: JJ4K09WN94G
 2018-05-26 13:09:02,986  INFO [main] hfLogger:76 - Launching Chrome...
 2018-05-26 13:09:47,991  INFO [main] hfLogger:169 - 96943ef5da8a@XINSBP.BKHD
 2018-05-26 13:09:52,404 DEBUG [main] hfLogger:176 - --- Registered Email: 96943ef5da8a@XINSBP.BKHD
 2018-05-26 13:09:52,406 DEBUG [main] hfLogger:177 - --- Password Used: PYNPZMCVBD0
 2018-05-26 13:10:09,038  INFO [main] hfLogger:169 - 96943ef5da8a@XINSBP.BKHD
 2018-05-26 13:41:33,920  INFO [main] hfLogger:79 - Launching Chrome...
 2018-05-26 13:41:51,606  INFO [main] hfLogger:172 - 813f19a135ca@SZSYUE.TJD
 2018-05-26 13:41:54,350 DEBUG [main] hfLogger:179 - --- Registered Email: 813f19a135ca@SZSYUE.TJD
 2018-05-26 13:41:54,351 DEBUG [main] hfLogger:180 - --- Password Used: K1SNVETO83
 2018-05-26 13:42:06,835  INFO [main] hfLogger:172 - 9cf040bd5667@SOBHIX.VIC
 2018-05-26 13:42:09,927 DEBUG [main] hfLogger:179 - --- Registered Email: 9cf040bd5667@SOBHIX.VIC
 2018-05-26 13:42:09,928 DEBUG [main] hfLogger:180 - --- Password Used: N9040N4Z8V0T
 2018-05-26 13:42:20,758  INFO [main] hfLogger:172 - f33fb47ca707@RRQALU.HIAUXZ
 2018-05-26 13:42:24,103 DEBUG [main] hfLogger:179 - --- Registered Email: f33fb47ca707@RRQALU.HIAUXZ
 2018-05-26 13:42:24,104 DEBUG [main] hfLogger:180 - --- Password Used: 4SCAOGP7XF
 2018-05-26 13:42:31,902  INFO [main] hfLogger:210 - Value of testCount: 3
 2018-05-26 13:42:31,903  INFO [main] hfLogger:212 - Value of Count: 4
 2018-05-26 13:42:31,905 DEBUG [main] hfLogger:216 - --- Logging-In Using: 7d9148242d51@ZWAMYG.NJ
 2018-05-26 13:42:31,906 DEBUG [main] hfLogger:217 - --- Password: 6R4TPNC1QUA
 2018-05-26 13:42:35,957  WARN [main] hfLogger:288 - ***** ERROR: logInTest Test failed
 2018-05-26 13:45:30,260  INFO [main] hfLogger:81 - Launching Chrome...
 2018-05-26 13:45:47,645  INFO [main] hfLogger:171 - 9704373371a3@IIRGFD.OKMS
 2018-05-26 13:45:50,489 DEBUG [main] hfLogger:178 - --- Registered Email: 9704373371a3@IIRGFD.OKMS
 2018-05-26 13:45:50,490 DEBUG [main] hfLogger:179 - --- Password Used: OI1AO44BJBMC
 2018-05-26 13:46:02,618  INFO [main] hfLogger:171 - ac00c428b3b8@UTRYEE.IXG
 2018-05-26 13:46:05,239 DEBUG [main] hfLogger:178 - --- Registered Email: ac00c428b3b8@UTRYEE.IXG
 2018-05-26 13:46:05,241 DEBUG [main] hfLogger:179 - --- Password Used: C3E44G1HAJOU
 2018-05-26 13:46:16,625  INFO [main] hfLogger:171 - 807af7b3e7c4@KJWVBV.MJRJQ
 2018-05-26 13:46:19,411 DEBUG [main] hfLogger:178 - --- Registered Email: 807af7b3e7c4@KJWVBV.MJRJQ
 2018-05-26 13:46:19,412 DEBUG [main] hfLogger:179 - --- Password Used: XRCGXFKWZ6L
 2018-05-26 13:46:28,312 DEBUG [main] hfLogger:213 - --- Logging-In Using: 9704373371a3@IIRGFD.OKMS
 2018-05-26 13:46:28,313 DEBUG [main] hfLogger:214 - --- Password: OI1AO44BJBMC
 2018-05-26 13:46:32,230  WARN [main] hfLogger:285 - ***** ERROR: logInTest Test failed
 2018-05-26 13:46:52,744  WARN [main] hfLogger:285 - ***** ERROR: checkoutTest Test failed
 2018-05-26 13:48:39,771  INFO [main] hfLogger:81 - Launching Chrome...
 2018-05-26 13:48:55,769  INFO [main] hfLogger:171 - Username
 2018-05-26 13:49:16,055  WARN [main] hfLogger:285 - ***** ERROR: signInTest Test failed
 2018-05-26 13:49:18,334  INFO [main] hfLogger:171 - da1b43d39e0b@YNVUZQ.EY
 2018-05-26 13:49:21,036 DEBUG [main] hfLogger:178 - --- Registered Email: da1b43d39e0b@YNVUZQ.EY
 2018-05-26 13:49:21,037 DEBUG [main] hfLogger:179 - --- Password Used: 70Y52O44UO3Z
 2018-05-26 13:49:32,261  INFO [main] hfLogger:171 - 59665742f71a@AJUPXW.EYOCNF
 2018-05-26 13:49:35,148 DEBUG [main] hfLogger:178 - --- Registered Email: 59665742f71a@AJUPXW.EYOCNF
 2018-05-26 13:49:35,148 DEBUG [main] hfLogger:179 - --- Password Used: B9QF4JRZTKXV
 2018-05-26 13:49:43,159 DEBUG [main] hfLogger:213 - --- Logging-In Using: Username
 2018-05-26 13:49:43,160 DEBUG [main] hfLogger:214 - --- Password: Password
 2018-05-26 13:49:46,828  WARN [main] hfLogger:285 - ***** ERROR: logInTest Test failed
 2018-05-26 13:50:20,070  WARN [main] hfLogger:285 - ***** ERROR: checkoutTest Test failed
 2018-05-26 13:51:29,418  INFO [main] hfLogger:81 - Launching Chrome...
 2018-05-26 13:51:45,135  INFO [main] hfLogger:171 - 6aa33a56624a@QIQLQD.YH
 2018-05-26 13:51:47,888 DEBUG [main] hfLogger:178 - --- Registered Email: 6aa33a56624a@QIQLQD.YH
 2018-05-26 13:51:47,889 DEBUG [main] hfLogger:179 - --- Password Used: FWEXYAZK5W
 2018-05-26 13:51:58,030  INFO [main] hfLogger:171 - fbbcc9b0d779@HGJDRH.VTBGVU
 2018-05-26 13:52:00,686 DEBUG [main] hfLogger:178 - --- Registered Email: fbbcc9b0d779@HGJDRH.VTBGVU
 2018-05-26 13:52:00,687 DEBUG [main] hfLogger:179 - --- Password Used: N01CUO6GXV
 2018-05-26 13:52:12,717  INFO [main] hfLogger:171 - 9bc120db6b17@VHQFOV.OUPVDH
 2018-05-26 13:52:15,806 DEBUG [main] hfLogger:178 - --- Registered Email: 9bc120db6b17@VHQFOV.OUPVDH
 2018-05-26 13:52:15,808 DEBUG [main] hfLogger:179 - --- Password Used: CN6JDY19UH
 2018-05-26 13:52:24,439 DEBUG [main] hfLogger:213 - --- Logging-In Using: 6aa33a56624a@QIQLQD.YH
 2018-05-26 13:52:24,440 DEBUG [main] hfLogger:214 - --- Password: FWEXYAZK5W
 2018-05-26 13:52:28,440  WARN [main] hfLogger:285 - ***** ERROR: logInTest Test failed
 2018-05-26 13:52:48,937  WARN [main] hfLogger:285 - ***** ERROR: checkoutTest Test failed
 2018-05-26 14:06:16,629  INFO [main] hfLogger:81 - Launching Chrome...
 2018-05-26 14:06:59,981  INFO [main] hfLogger:171 - f16d7d135a85@QALMXI.GFS
 2018-05-26 14:07:02,744 DEBUG [main] hfLogger:178 - --- Registered Email: f16d7d135a85@QALMXI.GFS
 2018-05-26 14:07:02,746 DEBUG [main] hfLogger:179 - --- Password Used: 4GC5NF37IL
 2018-05-26 14:07:14,206  INFO [main] hfLogger:171 - 70c59981f667@SUIVTI.GAV
 2018-05-26 14:07:18,001 DEBUG [main] hfLogger:178 - --- Registered Email: 70c59981f667@SUIVTI.GAV
 2018-05-26 14:07:18,002 DEBUG [main] hfLogger:179 - --- Password Used: 2O98T0KJM4GP
 2018-05-26 14:07:29,023  INFO [main] hfLogger:171 - 288cc9a7e50c@VYVBXD.AWSSBX
 2018-05-26 14:07:31,661 DEBUG [main] hfLogger:178 - --- Registered Email: 288cc9a7e50c@VYVBXD.AWSSBX
 2018-05-26 14:07:31,663 DEBUG [main] hfLogger:179 - --- Password Used: PRP0FOZGZ6
 2018-05-26 14:07:40,691 DEBUG [main] hfLogger:213 - --- Logging-In Using: f16d7d135a85@QALMXI.GFS
 2018-05-26 14:07:40,694 DEBUG [main] hfLogger:214 - --- Password: 4GC5NF37IL
 2018-05-26 14:07:48,050 DEBUG [main] hfLogger:213 - --- Logging-In Using: 70c59981f667@SUIVTI.GAV
 2018-05-26 14:07:48,051 DEBUG [main] hfLogger:214 - --- Password: 2O98T0KJM4GP
 2018-05-26 14:07:54,549 DEBUG [main] hfLogger:213 - --- Logging-In Using: 288cc9a7e50c@VYVBXD.AWSSBX
 2018-05-26 14:07:54,550 DEBUG [main] hfLogger:214 - --- Password: PRP0FOZGZ6
 2018-05-26 14:08:43,713  WARN [main] hfLogger:285 - ***** ERROR: checkoutTest Test failed
 2018-05-26 14:09:03,722  WARN [main] hfLogger:285 - ***** ERROR: checkoutTest Test failed
 2018-05-26 14:35:28,182  INFO [main] hfLogger:81 - Launching Chrome...
 2018-05-26 14:36:20,593  INFO [main] hfLogger:171 - 4917b0e93cd3@WQANJR.WPDCJ
 2018-05-26 14:36:23,351 DEBUG [main] hfLogger:178 - --- Registered Email: 4917b0e93cd3@WQANJR.WPDCJ
 2018-05-26 14:36:23,352 DEBUG [main] hfLogger:179 - --- Password Used: PM34LZNSD5M4
 2018-05-26 14:36:35,452  INFO [main] hfLogger:171 - bee7c0c42e3e@CITYWG.BAXH
 2018-05-26 14:36:38,138 DEBUG [main] hfLogger:178 - --- Registered Email: bee7c0c42e3e@CITYWG.BAXH
 2018-05-26 14:36:38,140 DEBUG [main] hfLogger:179 - --- Password Used: H4B40VJ4UTS
 2018-05-26 14:36:47,699  INFO [main] hfLogger:171 - 6d15fec93215@BSUEOY.GWMRO
 2018-05-26 14:36:50,809 DEBUG [main] hfLogger:178 - --- Registered Email: 6d15fec93215@BSUEOY.GWMRO
 2018-05-26 14:36:50,810 DEBUG [main] hfLogger:179 - --- Password Used: J413ZKK0OS
 2018-05-26 14:36:59,788 DEBUG [main] hfLogger:213 - --- Logging-In Using: 4917b0e93cd3@WQANJR.WPDCJ
 2018-05-26 14:36:59,791 DEBUG [main] hfLogger:214 - --- Password: PM34LZNSD5M4
 2018-05-26 14:37:05,771 DEBUG [main] hfLogger:213 - --- Logging-In Using: bee7c0c42e3e@CITYWG.BAXH
 2018-05-26 14:37:05,772 DEBUG [main] hfLogger:214 - --- Password: H4B40VJ4UTS
 2018-05-26 14:37:12,203 DEBUG [main] hfLogger:213 - --- Logging-In Using: 6d15fec93215@BSUEOY.GWMRO
 2018-05-26 14:37:12,204 DEBUG [main] hfLogger:214 - --- Password: J413ZKK0OS
 2018-05-26 14:42:23,218  WARN [main] hfLogger:286 - ***** ERROR: checkoutTest Test failed
 2018-05-26 14:48:44,601  INFO [main] hfLogger:81 - Launching Chrome...
 2018-05-26 14:55:40,273  INFO [main] hfLogger:82 - Launching Chrome...
 2018-05-26 14:56:38,832  INFO [main] hfLogger:172 - 16426fae6cc2@STGCXN.LBLSW
 2018-05-26 14:56:41,632 DEBUG [main] hfLogger:179 - --- Registered Email: 16426fae6cc2@STGCXN.LBLSW
 2018-05-26 14:56:41,634 DEBUG [main] hfLogger:180 - --- Password Used: FDG2N8UMZH4
 2018-05-26 14:56:53,223  INFO [main] hfLogger:172 - cfe76d705f71@JKQHLJ.RHBHG
 2018-05-26 14:56:55,858 DEBUG [main] hfLogger:179 - --- Registered Email: cfe76d705f71@JKQHLJ.RHBHG
 2018-05-26 14:56:55,860 DEBUG [main] hfLogger:180 - --- Password Used: AMA06M0VJVBI
 2018-05-26 14:57:07,010  INFO [main] hfLogger:172 - 72090d90cef2@DTFMMF.ZMQBYH
 2018-05-26 14:57:10,175 DEBUG [main] hfLogger:179 - --- Registered Email: 72090d90cef2@DTFMMF.ZMQBYH
 2018-05-26 14:57:10,176 DEBUG [main] hfLogger:180 - --- Password Used: 44RI56HQ0E
 2018-05-26 14:57:20,673 DEBUG [main] hfLogger:214 - --- Logging-In Using: 16426fae6cc2@STGCXN.LBLSW
 2018-05-26 14:57:20,676 DEBUG [main] hfLogger:215 - --- Password: FDG2N8UMZH4
 2018-05-26 14:57:30,147 DEBUG [main] hfLogger:214 - --- Logging-In Using: cfe76d705f71@JKQHLJ.RHBHG
 2018-05-26 14:57:30,148 DEBUG [main] hfLogger:215 - --- Password: AMA06M0VJVBI
 2018-05-26 14:57:38,416 DEBUG [main] hfLogger:214 - --- Logging-In Using: 72090d90cef2@DTFMMF.ZMQBYH
 2018-05-26 14:57:38,417 DEBUG [main] hfLogger:215 - --- Password: 44RI56HQ0E
 2018-05-26 15:02:50,988  WARN [main] hfLogger:287 - ***** ERROR: checkoutTest Test failed
 2018-05-26 15:03:50,823  INFO [main] hfLogger:82 - Launching Chrome...
 2018-05-26 15:04:36,485  INFO [main] hfLogger:172 - 6a99bcbbf054@LCTEDT.MOVCP
 2018-05-26 15:04:40,364 DEBUG [main] hfLogger:179 - --- Registered Email: 6a99bcbbf054@LCTEDT.MOVCP
 2018-05-26 15:04:40,366 DEBUG [main] hfLogger:180 - --- Password Used: PP1MFHX6KJX4
 2018-05-26 15:06:49,838  INFO [main] hfLogger:82 - Launching Chrome...
 2018-05-26 15:07:17,000  INFO [main] hfLogger:172 - 689d2f31e23e@AUHBXV.VM
 2018-05-26 15:07:19,705 DEBUG [main] hfLogger:179 - --- Registered Email: 689d2f31e23e@AUHBXV.VM
 2018-05-26 15:07:19,706 DEBUG [main] hfLogger:180 - --- Password Used: 6R6FRNX6S0
 2018-05-26 15:07:27,291  WARN [main] hfLogger:287 - ***** ERROR: signInTest Test failed
 2018-05-26 15:07:47,359  WARN [main] hfLogger:287 - ***** ERROR: checkoutTest Test failed
 2018-05-26 15:07:47,362 DEBUG [main] hfLogger:214 - --- Logging-In Using: 689d2f31e23e@AUHBXV.VM
 2018-05-26 15:07:47,363 DEBUG [main] hfLogger:215 - --- Password: 6R6FRNX6S0
 2018-05-26 15:08:07,411  WARN [main] hfLogger:287 - ***** ERROR: logInTest Test failed
 2018-05-26 15:08:07,414 DEBUG [main] hfLogger:214 - --- Logging-In Using: 4c82840026bd@MZTBNY.ZAKWT
 2018-05-26 15:08:07,415 DEBUG [main] hfLogger:215 - --- Password: 18XSU7DZPDK
 2018-05-26 15:12:41,336  INFO [main] hfLogger:82 - Launching Chrome...
 2018-05-26 15:13:05,882  INFO [main] hfLogger:172 - b185e4eb12d7@BBRVJT.HMITV
 2018-05-26 15:13:09,731 DEBUG [main] hfLogger:179 - --- Registered Email: b185e4eb12d7@BBRVJT.HMITV
 2018-05-26 15:13:09,732 DEBUG [main] hfLogger:180 - --- Password Used: 29VWIJRP1YJY
 2018-05-26 15:13:16,670  WARN [main] hfLogger:305 - ***** ERROR: signInTest Test failed
 2018-05-26 15:13:36,703  WARN [main] hfLogger:305 - ***** ERROR: checkoutTest Test failed
 2018-05-26 15:13:36,707 DEBUG [main] hfLogger:214 - --- Logging-In Using: b185e4eb12d7@BBRVJT.HMITV
 2018-05-26 15:13:36,709 DEBUG [main] hfLogger:215 - --- Password: 29VWIJRP1YJY
 2018-05-26 15:16:23,289  INFO [main] hfLogger:82 - Launching Chrome...
 2018-05-26 15:16:49,331  INFO [main] hfLogger:172 - 5ab6b368d19f@MVFMHZ.YCAVE
 2018-05-26 15:16:52,067 DEBUG [main] hfLogger:179 - --- Registered Email: 5ab6b368d19f@MVFMHZ.YCAVE
 2018-05-26 15:16:52,068 DEBUG [main] hfLogger:180 - --- Password Used: YFZGU4GVS26
 2018-05-26 15:16:59,363  WARN [main] hfLogger:306 - ***** ERROR: signInTest Test failed
 2018-05-26 15:18:34,799  INFO [main] hfLogger:92 - Launching Chrome...
 2018-05-26 15:18:58,883  INFO [main] hfLogger:182 - 15433211dc58@IOJJGF.KHIT
 2018-05-26 15:19:02,445 DEBUG [main] hfLogger:189 - --- Registered Email: 15433211dc58@IOJJGF.KHIT
 2018-05-26 15:19:02,446 DEBUG [main] hfLogger:190 - --- Password Used: 3EYNJQ32OPLP
 2018-05-26 15:19:09,547  WARN [main] hfLogger:316 - ***** ERROR: signInTest Test failed
 2018-05-26 15:21:01,887  INFO [main] hfLogger:92 - Launching Chrome...
 2018-05-26 15:23:03,668  INFO [main] hfLogger:182 - 1a181c571ade@NYAUKI.MAGBC
 2018-05-26 15:23:06,622 DEBUG [main] hfLogger:189 - --- Registered Email: 1a181c571ade@NYAUKI.MAGBC
 2018-05-26 15:23:06,623 DEBUG [main] hfLogger:190 - --- Password Used: B6C2E3MIWN
 2018-05-26 15:23:12,924  WARN [main] hfLogger:316 - ***** ERROR: signInTest Test failed
 2018-05-26 15:23:33,429  WARN [main] hfLogger:316 - ***** ERROR: checkoutTest Test failed
 2018-05-26 15:23:33,433 DEBUG [main] hfLogger:224 - --- Logging-In Using: 1a181c571ade@NYAUKI.MAGBC
 2018-05-26 15:23:33,434 DEBUG [main] hfLogger:225 - --- Password: B6C2E3MIWN
 2018-05-26 15:26:32,646  INFO [main] hfLogger:94 - Launching Chrome...
 2018-05-26 15:26:49,896  INFO [main] hfLogger:184 - 5d58604fcf7c@XFJCPT.DW
 2018-05-26 15:26:52,724 DEBUG [main] hfLogger:191 - --- Registered Email: 5d58604fcf7c@XFJCPT.DW
 2018-05-26 15:26:52,725 DEBUG [main] hfLogger:192 - --- Password Used: AHFUK2MLR9B
 2018-05-26 15:26:59,815  WARN [main] hfLogger:318 - ***** ERROR: signInTest Test failed
 2018-05-26 15:26:59,816  INFO [main] hfLogger:62 - --- Taking snapshot now 
 2018-05-26 15:27:20,077  WARN [main] hfLogger:318 - ***** ERROR: checkoutTest Test failed
 2018-05-26 15:27:20,077  INFO [main] hfLogger:62 - --- Taking snapshot now 
 2018-05-26 15:27:20,080 DEBUG [main] hfLogger:226 - --- Logging-In Using: 5d58604fcf7c@XFJCPT.DW
 2018-05-26 15:27:20,082 DEBUG [main] hfLogger:227 - --- Password: AHFUK2MLR9B
 2018-05-26 15:27:40,195  WARN [main] hfLogger:318 - ***** ERROR: logInTest Test failed
 2018-05-26 15:27:40,195  INFO [main] hfLogger:62 - --- Taking snapshot now 
 2018-05-26 15:30:33,882  INFO [main] hfLogger:94 - Launching Chrome...
 2018-05-26 15:30:51,098  INFO [main] hfLogger:184 - 9625f121ccc1@KSTFGU.FPS
 2018-05-26 15:30:53,875 DEBUG [main] hfLogger:191 - --- Registered Email: 9625f121ccc1@KSTFGU.FPS
 2018-05-26 15:30:53,877 DEBUG [main] hfLogger:192 - --- Password Used: 4LO1F1LAGQ
 2018-05-26 15:31:01,049  WARN [main] hfLogger:299 - ***** ERROR: signInTest Test failed
 2018-05-26 15:31:01,050  INFO [main] hfLogger:62 - --- Taking snapshot now 
 2018-05-26 15:31:21,174  WARN [main] hfLogger:299 - ***** ERROR: checkoutTest Test failed
 2018-05-26 15:31:21,175  INFO [main] hfLogger:62 - --- Taking snapshot now 
 2018-05-26 15:31:21,178 DEBUG [main] hfLogger:226 - --- Logging-In Using: 9625f121ccc1@KSTFGU.FPS
 2018-05-26 15:31:21,179 DEBUG [main] hfLogger:227 - --- Password: 4LO1F1LAGQ
 2018-05-26 15:31:41,184  WARN [main] hfLogger:299 - ***** ERROR: logInTest Test failed
 2018-05-26 15:31:41,185  INFO [main] hfLogger:62 - --- Taking snapshot now 
 2018-05-26 15:37:48,894  INFO [main] hfLogger:98 - Launching Chrome...
 2018-05-26 15:38:05,928  INFO [main] hfLogger:188 - e86b47b874e8@KCYSVH.BEJJ
 2018-05-26 15:38:08,773 DEBUG [main] hfLogger:195 - --- Registered Email: e86b47b874e8@KCYSVH.BEJJ
 2018-05-26 15:38:08,775 DEBUG [main] hfLogger:196 - --- Password Used: TXHP0T16P0GB
 2018-05-26 15:38:16,291  WARN [main] hfLogger:303 - ***** ERROR: signInTest Test failed
 2018-05-26 15:38:16,292  INFO [main] hfLogger:66 - --- Taking snapshot now 
 2018-05-26 15:39:26,347  INFO [main] hfLogger:98 - Launching Chrome...
 2018-05-26 15:39:44,651  INFO [main] hfLogger:188 - 3689eb61d486@VXHMQB.SQ
 2018-05-26 15:39:47,378 DEBUG [main] hfLogger:195 - --- Registered Email: 3689eb61d486@VXHMQB.SQ
 2018-05-26 15:39:47,380 DEBUG [main] hfLogger:196 - --- Password Used: XY2LJY0H2J8
 2018-05-26 15:39:54,347  WARN [main] hfLogger:303 - ***** ERROR: signInTest Test failed
 2018-05-26 15:39:54,349  INFO [main] hfLogger:66 - --- Taking snapshot now 
 2018-05-26 15:41:37,556  INFO [main] hfLogger:98 - Launching Chrome...
 2018-05-26 15:41:54,993  INFO [main] hfLogger:188 - 2ff5b3c9db5d@TQRVAO.LIDH
 2018-05-26 15:41:57,791 DEBUG [main] hfLogger:195 - --- Registered Email: 2ff5b3c9db5d@TQRVAO.LIDH
 2018-05-26 15:41:57,793 DEBUG [main] hfLogger:196 - --- Password Used: L7YILP6R9CQU
 2018-05-26 15:42:03,826  WARN [main] hfLogger:303 - ***** ERROR: signInTest Test failed
 2018-05-26 15:42:03,827  INFO [main] hfLogger:66 - --- Taking snapshot now 
 2018-05-26 15:42:24,697  WARN [main] hfLogger:303 - ***** ERROR: checkoutTest Test failed
 2018-05-26 15:42:24,698  INFO [main] hfLogger:66 - --- Taking snapshot now 
 2018-05-26 15:42:25,045 DEBUG [main] hfLogger:230 - --- Logging-In Using: 2ff5b3c9db5d@TQRVAO.LIDH
 2018-05-26 15:42:25,047 DEBUG [main] hfLogger:231 - --- Password: L7YILP6R9CQU
 2018-05-26 15:42:45,527  WARN [main] hfLogger:303 - ***** ERROR: logInTest Test failed
 2018-05-26 15:42:45,528  INFO [main] hfLogger:66 - --- Taking snapshot now 
 2018-05-26 15:47:15,324  INFO [main] hfLogger:97 - Launching Chrome...
 2018-05-26 15:47:51,675  WARN [main] hfLogger:300 - ***** ERROR: checkoutTest Test failed
 2018-05-26 15:47:51,676  INFO [main] hfLogger:66 - --- Taking snapshot now 
 2018-05-26 15:50:40,575  INFO [main] hfLogger:97 - Launching Chrome...
 2018-05-26 15:51:25,558  INFO [main] hfLogger:185 - 305e722798f9@DOKEFJ.LE
 2018-05-26 15:51:28,245 DEBUG [main] hfLogger:192 - --- Registered Email: 305e722798f9@DOKEFJ.LE
 2018-05-26 15:51:28,247 DEBUG [main] hfLogger:193 - --- Password Used: Z4XAJIF50PDK
 2018-05-26 15:51:38,906 DEBUG [main] hfLogger:227 - --- Logging-In Using: 305e722798f9@DOKEFJ.LE
 2018-05-26 15:51:38,907 DEBUG [main] hfLogger:228 - --- Password: Z4XAJIF50PDK
 2018-05-26 15:53:24,024  INFO [main] hfLogger:97 - Launching Chrome...
 2018-05-26 15:54:10,847  INFO [main] hfLogger:185 - ff2c0876e7cf@UIVIVS.TZSRZJ
 2018-05-26 15:54:14,245 DEBUG [main] hfLogger:192 - --- Registered Email: ff2c0876e7cf@UIVIVS.TZSRZJ
 2018-05-26 15:54:14,247 DEBUG [main] hfLogger:193 - --- Password Used: E6YL61X4ONI4
 2018-05-26 15:54:20,463  WARN [main] hfLogger:303 - ***** ERROR: signInTest Test failed
 2018-05-26 15:54:20,464  INFO [main] hfLogger:66 - --- Taking snapshot now 
 2018-05-26 15:54:20,837 DEBUG [main] hfLogger:227 - --- Logging-In Using: ff2c0876e7cf@UIVIVS.TZSRZJ
 2018-05-26 15:54:20,839 DEBUG [main] hfLogger:228 - --- Password: E6YL61X4ONI4
 2018-05-26 15:54:24,505  WARN [main] hfLogger:303 - ***** ERROR: logInTest Test failed
 2018-05-26 15:54:24,506  INFO [main] hfLogger:66 - --- Taking snapshot now 
 2018-05-26 15:54:24,952  INFO [main] hfLogger:104 - Launching Firefox...
 2018-05-26 15:55:25,360  WARN [main] hfLogger:303 - ***** ERROR: checkoutTest Test failed
 2018-05-26 15:55:25,361  INFO [main] hfLogger:66 - --- Taking snapshot now 
 2018-05-26 15:55:46,996  WARN [main] hfLogger:303 - ***** ERROR: signInTest Test failed
 2018-05-26 15:55:46,997  INFO [main] hfLogger:66 - --- Taking snapshot now 
 2018-05-26 15:55:47,188 DEBUG [main] hfLogger:227 - --- Logging-In Using: ff2c0876e7cf@UIVIVS.TZSRZJ
 2018-05-26 15:55:47,189 DEBUG [main] hfLogger:228 - --- Password: E6YL61X4ONI4
 2018-05-26 15:56:07,488  WARN [main] hfLogger:303 - ***** ERROR: logInTest Test failed
 2018-05-26 15:56:07,489  INFO [main] hfLogger:66 - --- Taking snapshot now 
 2018-05-26 15:56:07,826  INFO [main] hfLogger:110 - Launching Microsoft Edge...
 2018-05-26 15:56:08,050  INFO [main] hfLogger:104 - Launching Firefox...
 2018-05-26 15:56:56,037  WARN [main] hfLogger:303 - ***** ERROR: checkoutTest Test failed
 2018-05-26 15:56:56,038  INFO [main] hfLogger:66 - --- Taking snapshot now 
 2018-05-26 15:57:16,583  WARN [main] hfLogger:303 - ***** ERROR: signInTest Test failed
 2018-05-26 15:57:16,583  INFO [main] hfLogger:66 - --- Taking snapshot now 
 2018-05-26 15:57:16,764 DEBUG [main] hfLogger:227 - --- Logging-In Using: ff2c0876e7cf@UIVIVS.TZSRZJ
 2018-05-26 15:57:16,765 DEBUG [main] hfLogger:228 - --- Password: E6YL61X4ONI4
 2018-05-26 15:57:37,031  WARN [main] hfLogger:303 - ***** ERROR: logInTest Test failed
 2018-05-26 15:57:37,032  INFO [main] hfLogger:66 - --- Taking snapshot now 
 2018-05-26 16:00:13,189  INFO [main] hfLogger:97 - Launching Chrome...
 2018-05-26 16:00:54,646  INFO [main] hfLogger:185 - 5ce24f541541@GDCVFK.YP
 2018-05-26 16:00:57,584 DEBUG [main] hfLogger:192 - --- Registered Email: 5ce24f541541@GDCVFK.YP
 2018-05-26 16:00:57,586 DEBUG [main] hfLogger:193 - --- Password Used: YXAZDKB5U4G
 2018-05-26 16:01:06,436 DEBUG [main] hfLogger:227 - --- Logging-In Using: 5ce24f541541@GDCVFK.YP
 2018-05-26 16:01:06,437 DEBUG [main] hfLogger:228 - --- Password: YXAZDKB5U4G
 2018-05-26 16:01:12,682  INFO [main] hfLogger:104 - Launching Firefox...
 2018-05-26 16:01:51,036  WARN [main] hfLogger:303 - ***** ERROR: checkoutTest Test failed
 2018-05-26 16:01:51,037  INFO [main] hfLogger:66 - --- Taking snapshot now 
 2018-05-26 16:02:11,994  WARN [main] hfLogger:303 - ***** ERROR: signInTest Test failed
 2018-05-26 16:02:11,995  INFO [main] hfLogger:66 - --- Taking snapshot now 
 2018-05-26 16:02:12,134 DEBUG [main] hfLogger:227 - --- Logging-In Using: 5ce24f541541@GDCVFK.YP
 2018-05-26 16:02:12,134 DEBUG [main] hfLogger:228 - --- Password: YXAZDKB5U4G
 2018-05-26 16:02:32,256  WARN [main] hfLogger:303 - ***** ERROR: logInTest Test failed
 2018-05-26 16:02:32,257  INFO [main] hfLogger:66 - --- Taking snapshot now 
 2018-05-26 16:02:32,529  INFO [main] hfLogger:110 - Launching Microsoft Edge...
 2018-05-26 16:03:02,059  INFO [main] hfLogger:104 - Launching Firefox...
 2018-05-26 16:04:16,071  WARN [main] hfLogger:303 - ***** ERROR: checkoutTest Test failed
 2018-05-26 16:04:16,072  INFO [main] hfLogger:66 - --- Taking snapshot now 
 2018-05-26 16:04:36,587  WARN [main] hfLogger:303 - ***** ERROR: signInTest Test failed
 2018-05-26 16:04:36,589  INFO [main] hfLogger:66 - --- Taking snapshot now 
 2018-05-26 16:04:36,959 DEBUG [main] hfLogger:227 - --- Logging-In Using: 5ce24f541541@GDCVFK.YP
 2018-05-26 16:04:36,960 DEBUG [main] hfLogger:228 - --- Password: YXAZDKB5U4G
 2018-05-26 16:04:57,241  WARN [main] hfLogger:303 - ***** ERROR: logInTest Test failed
 2018-05-26 16:04:57,242  INFO [main] hfLogger:66 - --- Taking snapshot now 
 2018-05-27 02:33:33,792  INFO [main] hfLogger:97 - Launching Chrome...
 2018-05-27 02:34:55,137  INFO [main] hfLogger:185 - f935df55e717@YXRWPY.OZHORY
 2018-05-27 02:34:57,871 DEBUG [main] hfLogger:192 - --- Registered Email: f935df55e717@YXRWPY.OZHORY
 2018-05-27 02:34:57,872 DEBUG [main] hfLogger:193 - --- Password Used: 9ATEIAWGCVM
 2018-05-27 02:35:06,239 DEBUG [main] hfLogger:227 - --- Logging-In Using: f935df55e717@YXRWPY.OZHORY
 2018-05-27 02:35:06,241 DEBUG [main] hfLogger:228 - --- Password: 9ATEIAWGCVM
 2018-05-27 02:35:13,115  INFO [main] hfLogger:104 - Launching Firefox...
 2018-05-27 02:38:07,648  INFO [main] hfLogger:97 - Launching Chrome...
 2018-05-27 02:38:24,731  INFO [main] hfLogger:185 - 0b8b1f3f2418@KGSIKC.PREL
 2018-05-27 02:38:27,606 DEBUG [main] hfLogger:192 - --- Registered Email: 0b8b1f3f2418@KGSIKC.PREL
 2018-05-27 02:38:27,607 DEBUG [main] hfLogger:193 - --- Password Used: MWN4R4CH1AML
 2018-05-27 02:38:37,286 DEBUG [main] hfLogger:227 - --- Logging-In Using: 0b8b1f3f2418@KGSIKC.PREL
 2018-05-27 02:38:37,287 DEBUG [main] hfLogger:228 - --- Password: MWN4R4CH1AML
 2018-05-27 02:43:59,065  WARN [main] hfLogger:337 - ***** ERROR: checkoutAndLoginTest Test failed
 2018-05-27 02:43:59,066  INFO [main] hfLogger:66 - --- Taking snapshot now 
 2018-05-27 02:44:19,849  WARN [main] hfLogger:337 - ***** ERROR: checkoutTest Test failed
 2018-05-27 02:44:19,850  INFO [main] hfLogger:66 - --- Taking snapshot now 
 2018-05-27 02:44:20,337  INFO [main] hfLogger:104 - Launching Firefox...
 2018-05-27 02:51:31,493  INFO [main] hfLogger:97 - Launching Chrome...
 2018-05-27 02:51:47,163  INFO [main] hfLogger:185 - 0dff15e37010@INKIUE.DBXBC
 2018-05-27 02:51:50,408 DEBUG [main] hfLogger:192 - --- Registered Email: 0dff15e37010@INKIUE.DBXBC
 2018-05-27 02:51:50,410 DEBUG [main] hfLogger:193 - --- Password Used: 4PVMXSJUJ3
 2018-05-27 02:51:59,861 DEBUG [main] hfLogger:227 - --- Logging-In Using: 0dff15e37010@INKIUE.DBXBC
 2018-05-27 02:51:59,862 DEBUG [main] hfLogger:228 - --- Password: 4PVMXSJUJ3
 2018-05-27 02:52:37,823  WARN [main] hfLogger:336 - ***** ERROR: checkoutAndLoginTest Test failed
 2018-05-27 02:52:37,824  INFO [main] hfLogger:66 - --- Taking snapshot now 
 2018-05-27 02:52:38,346  INFO [main] hfLogger:104 - Launching Firefox...
 2018-05-27 02:53:22,099  INFO [main] hfLogger:185 - 0dff15e37010@INKIUE.DBXBC
 2018-05-27 02:53:43,449  WARN [main] hfLogger:336 - ***** ERROR: signInTest Test failed
 2018-05-27 02:53:43,450  INFO [main] hfLogger:66 - --- Taking snapshot now 
 2018-05-27 02:53:43,693 DEBUG [main] hfLogger:227 - --- Logging-In Using: 0dff15e37010@INKIUE.DBXBC
 2018-05-27 02:53:43,694 DEBUG [main] hfLogger:228 - --- Password: 4PVMXSJUJ3
 2018-05-27 02:54:20,340  WARN [main] hfLogger:336 - ***** ERROR: checkoutTest Test failed
 2018-05-27 02:54:20,341  INFO [main] hfLogger:66 - --- Taking snapshot now 
 2018-05-27 02:54:40,833  WARN [main] hfLogger:336 - ***** ERROR: checkoutAndLoginTest Test failed
 2018-05-27 02:54:40,834  INFO [main] hfLogger:66 - --- Taking snapshot now 
 2018-05-27 02:54:41,148  INFO [main] hfLogger:110 - Launching Microsoft Edge...
 2018-05-27 02:55:08,809  INFO [main] hfLogger:104 - Launching Firefox...
 2018-05-27 02:55:37,161  INFO [main] hfLogger:185 - 0dff15e37010@INKIUE.DBXBC
 2018-05-27 03:01:22,372  INFO [main] hfLogger:97 - Launching Chrome...
 2018-05-27 03:01:39,453  INFO [main] hfLogger:185 - a19fa2453c9c@SVXLNG.SS
 2018-05-27 03:01:42,674 DEBUG [main] hfLogger:192 - --- Registered Email: a19fa2453c9c@SVXLNG.SS
 2018-05-27 03:01:42,675 DEBUG [main] hfLogger:193 - --- Password Used: BXN488ENXR3
 2018-05-27 03:01:51,726 DEBUG [main] hfLogger:227 - --- Logging-In Using: a19fa2453c9c@SVXLNG.SS
 2018-05-27 03:01:51,728 DEBUG [main] hfLogger:228 - --- Password: BXN488ENXR3
 2018-05-27 03:02:30,084  WARN [main] hfLogger:333 - ***** ERROR: checkoutAndLoginTest Test failed
 2018-05-27 03:02:30,085  INFO [main] hfLogger:66 - --- Taking snapshot now 
 2018-05-27 03:02:30,561  INFO [main] hfLogger:104 - Launching Firefox...
 2018-05-27 03:03:16,848  INFO [main] hfLogger:97 - Launching Chrome...
 2018-05-27 03:03:32,576  INFO [main] hfLogger:185 - 834d55a34a47@LMFMRX.LM
 2018-05-27 03:03:35,657 DEBUG [main] hfLogger:192 - --- Registered Email: 834d55a34a47@LMFMRX.LM
 2018-05-27 03:03:35,659 DEBUG [main] hfLogger:193 - --- Password Used: ILWIBHT7JCP4
 2018-05-27 03:03:44,287 DEBUG [main] hfLogger:227 - --- Logging-In Using: 834d55a34a47@LMFMRX.LM
 2018-05-27 03:03:44,288 DEBUG [main] hfLogger:228 - --- Password: ILWIBHT7JCP4
 2018-05-27 03:06:01,830  INFO [main] hfLogger:98 - Launching Chrome...
 2018-05-27 03:06:20,599  INFO [main] hfLogger:186 - 8e8a9c1d1812@OFVGXS.VAI
 2018-05-27 03:06:23,653 DEBUG [main] hfLogger:193 - --- Registered Email: 8e8a9c1d1812@OFVGXS.VAI
 2018-05-27 03:06:23,654 DEBUG [main] hfLogger:194 - --- Password Used: MK0D91ZOAUK9
 2018-05-27 03:06:30,147  WARN [main] hfLogger:334 - ***** ERROR: signInTest Test failed
 2018-05-27 03:06:30,148  INFO [main] hfLogger:67 - --- Taking snapshot now 
 2018-05-27 03:06:30,873 DEBUG [main] hfLogger:228 - --- Logging-In Using: 8e8a9c1d1812@OFVGXS.VAI
 2018-05-27 03:06:30,874 DEBUG [main] hfLogger:229 - --- Password: MK0D91ZOAUK9
 2018-05-27 03:06:34,471  WARN [main] hfLogger:334 - ***** ERROR: logInTest Test failed
 2018-05-27 03:06:34,472  INFO [main] hfLogger:67 - --- Taking snapshot now 
 2018-05-27 03:07:22,879  INFO [main] hfLogger:98 - Launching Chrome...
 2018-05-27 03:07:38,564  INFO [main] hfLogger:186 - 49c3d0adba2e@ICTVMN.SB
 2018-05-27 03:07:41,605 DEBUG [main] hfLogger:193 - --- Registered Email: 49c3d0adba2e@ICTVMN.SB
 2018-05-27 03:07:41,606 DEBUG [main] hfLogger:194 - --- Password Used: UD3W84164X
 2018-05-27 03:07:49,727 DEBUG [main] hfLogger:228 - --- Logging-In Using: 49c3d0adba2e@ICTVMN.SB
 2018-05-27 03:07:49,728 DEBUG [main] hfLogger:229 - --- Password: UD3W84164X
 2018-05-27 03:08:29,027  WARN [main] hfLogger:334 - ***** ERROR: checkoutTest Test failed
 2018-05-27 03:08:29,028  INFO [main] hfLogger:67 - --- Taking snapshot now 
 2018-05-27 03:08:50,351  INFO [main] hfLogger:105 - Launching Firefox...
 2018-05-27 03:10:22,198  INFO [TestNG] hfLogger:105 - Launching Firefox...
 2018-05-27 03:10:22,198  INFO [TestNG] hfLogger:118 - Launching InternetExplorer...
 2018-05-27 03:10:22,199  INFO [TestNG] hfLogger:98 - Launching Chrome...
 2018-05-27 03:10:22,198  INFO [TestNG] hfLogger:111 - Launching Microsoft Edge...
 2018-05-27 03:11:06,867  INFO [TestNG] hfLogger:186 - dc31044602ad@KPRCGN.YPBUA
 2018-05-27 03:11:10,394  INFO [TestNG] hfLogger:186 - dc31044602ad@KPRCGN.YPBUA
 2018-05-27 03:11:27,443  WARN [TestNG] hfLogger:334 - ***** ERROR: signInTest Test failed
 2018-05-27 03:11:27,444  INFO [TestNG] hfLogger:67 - --- Taking snapshot now 
 2018-05-27 03:11:27,801 DEBUG [TestNG] hfLogger:228 - --- Logging-In Using: dc31044602ad@KPRCGN.YPBUA
 2018-05-27 03:11:27,802 DEBUG [TestNG] hfLogger:229 - --- Password: D5Z14F7DMR6
 2018-05-27 03:11:31,463  WARN [TestNG] hfLogger:334 - ***** ERROR: signInTest Test failed
 2018-05-27 03:11:31,463  INFO [TestNG] hfLogger:67 - --- Taking snapshot now 
 2018-05-27 03:11:31,597 DEBUG [TestNG] hfLogger:228 - --- Logging-In Using: dc31044602ad@KPRCGN.YPBUA
 2018-05-27 03:11:31,598 DEBUG [TestNG] hfLogger:229 - --- Password: D5Z14F7DMR6
 2018-05-27 03:11:32,407  WARN [TestNG] hfLogger:334 - ***** ERROR: logInTest Test failed
 2018-05-27 03:11:32,408  INFO [TestNG] hfLogger:67 - --- Taking snapshot now 
 2018-05-27 03:11:38,927  WARN [TestNG] hfLogger:334 - ***** ERROR: logInTest Test failed
 2018-05-27 03:11:38,928  INFO [TestNG] hfLogger:67 - --- Taking snapshot now 
 2018-05-27 03:11:50,150  WARN [TestNG] hfLogger:334 - ***** ERROR: checkoutTest Test failed
 2018-05-27 03:11:50,151  INFO [TestNG] hfLogger:67 - --- Taking snapshot now 
 2018-05-27 03:12:10,633  WARN [TestNG] hfLogger:334 - ***** ERROR: checkoutAndLoginTest Test failed
 2018-05-27 03:12:10,634  INFO [TestNG] hfLogger:67 - --- Taking snapshot now 
 2018-05-27 03:12:15,642  WARN [TestNG] hfLogger:334 - ***** ERROR: checkoutTest Test failed
 2018-05-27 03:12:15,643  INFO [TestNG] hfLogger:67 - --- Taking snapshot now 
 2018-05-27 03:12:33,326  INFO [main] hfLogger:98 - Launching Chrome...
 2018-05-27 03:12:55,596  INFO [main] hfLogger:186 - 1a8df7e64c2b@VUQCIG.TEM
 2018-05-27 03:12:59,031 DEBUG [main] hfLogger:193 - --- Registered Email: 1a8df7e64c2b@VUQCIG.TEM
 2018-05-27 03:12:59,033 DEBUG [main] hfLogger:194 - --- Password Used: A2952NA6AGTH
 2018-05-27 03:13:10,948 DEBUG [main] hfLogger:228 - --- Logging-In Using: 1a8df7e64c2b@VUQCIG.TEM
 2018-05-27 03:13:10,950 DEBUG [main] hfLogger:229 - --- Password: A2952NA6AGTH
 2018-05-27 03:14:07,697  INFO [main] hfLogger:105 - Launching Firefox...
 2018-05-27 03:14:36,405  INFO [main] hfLogger:186 - 1a8df7e64c2b@VUQCIG.TEM
 2018-05-27 03:14:57,420  WARN [main] hfLogger:334 - ***** ERROR: signInTest Test failed
 2018-05-27 03:14:57,421  INFO [main] hfLogger:67 - --- Taking snapshot now 
 2018-05-27 03:14:57,535 DEBUG [main] hfLogger:228 - --- Logging-In Using: 1a8df7e64c2b@VUQCIG.TEM
 2018-05-27 03:14:57,536 DEBUG [main] hfLogger:229 - --- Password: A2952NA6AGTH
 2018-05-27 03:15:13,521  WARN [main] hfLogger:334 - ***** ERROR: checkoutTest Test failed
 2018-05-27 03:15:13,522  INFO [main] hfLogger:67 - --- Taking snapshot now 
 2018-05-27 03:15:26,417  WARN [main] hfLogger:334 - ***** ERROR: checkoutAndLoginTest Test failed
 2018-05-27 03:15:26,418  INFO [main] hfLogger:67 - --- Taking snapshot now 
 2018-05-27 03:15:27,043  INFO [main] hfLogger:111 - Launching Microsoft Edge...
 2018-05-27 03:15:48,244  INFO [main] hfLogger:118 - Launching InternetExplorer...
 2018-05-27 03:30:34,357  INFO [main] hfLogger:100 - Launching Chrome...
 2018-05-27 03:30:52,626  INFO [main] hfLogger:189 - 2cfc3e32463c@NLMWWI.BK
 2018-05-27 03:30:56,997 DEBUG [main] hfLogger:196 - --- Registered Email: 2cfc3e32463c@NLMWWI.BK
 2018-05-27 03:30:56,999 DEBUG [main] hfLogger:197 - --- Password Used: BLSVKUOJO5
 2018-05-27 03:31:08,521 DEBUG [main] hfLogger:231 - --- Logging-In Using: 2cfc3e32463c@NLMWWI.BK
 2018-05-27 03:31:08,523 DEBUG [main] hfLogger:232 - --- Password: BLSVKUOJO5
 2018-05-27 03:32:25,862  INFO [main] hfLogger:107 - Launching Firefox...
 2018-05-27 03:32:55,184  INFO [main] hfLogger:189 - 2cfc3e32463c@NLMWWI.BK
 2018-05-27 03:33:16,227  WARN [main] hfLogger:340 - ***** ERROR: signInTest Test failed
 2018-05-27 03:33:16,228  INFO [main] hfLogger:69 - --- Taking snapshot now 
 2018-05-27 03:33:16,357 DEBUG [main] hfLogger:231 - --- Logging-In Using: 2cfc3e32463c@NLMWWI.BK
 2018-05-27 03:33:16,359 DEBUG [main] hfLogger:232 - --- Password: BLSVKUOJO5
 2018-05-27 03:33:39,368  WARN [main] hfLogger:340 - ***** ERROR: checkoutTest Test failed
 2018-05-27 03:33:39,369  INFO [main] hfLogger:69 - --- Taking snapshot now 
 2018-05-27 03:44:01,740  INFO [main] hfLogger:104 - Launching Chrome...
 2018-05-27 03:44:16,631  INFO [main] hfLogger:111 - Launching Firefox...
 2018-05-27 03:45:25,027  INFO [main] hfLogger:104 - Launching Chrome...
 2018-05-27 03:45:43,722  INFO [main] hfLogger:215 - c5d52f6175f2@LBDYYB.JYER
 2018-05-27 03:45:46,767 DEBUG [main] hfLogger:222 - --- Registered Email: c5d52f6175f2@LBDYYB.JYER
 2018-05-27 03:45:46,769 DEBUG [main] hfLogger:223 - --- Password Used: 8D9N9BEDU2
 2018-05-27 03:45:58,332 DEBUG [main] hfLogger:257 - --- Logging-In Using: c5d52f6175f2@LBDYYB.JYER
 2018-05-27 03:45:58,333 DEBUG [main] hfLogger:258 - --- Password: 8D9N9BEDU2
 2018-05-27 03:46:56,465  INFO [main] hfLogger:111 - Launching Firefox...
 2018-05-27 03:47:07,443  INFO [main] hfLogger:117 - Launching Microsoft Edge...
 2018-05-27 03:47:13,499  INFO [main] hfLogger:124 - Launching InternetExplorer...
 2018-05-27 03:48:44,163  INFO [main] hfLogger:104 - Launching Chrome...
 2018-05-27 03:49:01,263  INFO [main] hfLogger:215 - 353f984b0e27@XLUJNT.JAAPHE
 2018-05-27 03:49:04,006 DEBUG [main] hfLogger:222 - --- Registered Email: 353f984b0e27@XLUJNT.JAAPHE
 2018-05-27 03:49:04,021 DEBUG [main] hfLogger:223 - --- Password Used: E3TO7UR9CE0
 2018-05-27 03:49:12,153 DEBUG [main] hfLogger:257 - --- Logging-In Using: 353f984b0e27@XLUJNT.JAAPHE
 2018-05-27 03:49:12,154 DEBUG [main] hfLogger:258 - --- Password: E3TO7UR9CE0
 2018-05-27 03:50:03,782  INFO [main] hfLogger:111 - Launching Firefox...
 2018-05-27 03:50:37,989  INFO [main] hfLogger:215 - 1f0321bcd7d2@ELFWMV.XWG
 2018-05-27 03:50:55,749 DEBUG [main] hfLogger:222 - --- Registered Email: 1f0321bcd7d2@ELFWMV.XWG
 2018-05-27 03:50:55,750 DEBUG [main] hfLogger:223 - --- Password Used: 7EMY2MV3LNK
 2018-05-27 03:51:05,993 DEBUG [main] hfLogger:257 - --- Logging-In Using: 1f0321bcd7d2@ELFWMV.XWG
 2018-05-27 03:51:05,994 DEBUG [main] hfLogger:258 - --- Password: 7EMY2MV3LNK
 2018-05-27 03:51:21,245  WARN [main] hfLogger:366 - ***** ERROR: checkoutTest Test failed
 2018-05-27 03:51:21,247  INFO [main] hfLogger:69 - --- Taking snapshot now 
 2018-05-27 03:51:41,736  WARN [main] hfLogger:366 - ***** ERROR: checkoutAndLoginTest Test failed
 2018-05-27 03:51:41,737  INFO [main] hfLogger:69 - --- Taking snapshot now 
 2018-05-27 03:51:44,036  INFO [main] hfLogger:117 - Launching Microsoft Edge...
 2018-05-27 03:51:49,992  INFO [main] hfLogger:124 - Launching InternetExplorer...
 2018-05-27 03:52:13,300  WARN [main] hfLogger:366 - ***** ERROR: signInTest Test failed
 2018-05-27 03:52:13,301  INFO [main] hfLogger:69 - --- Taking snapshot now 
 2018-05-27 03:52:13,322 DEBUG [main] hfLogger:257 - --- Logging-In Using: a900ec4cab46@RYTCUG.RMIYI
 2018-05-27 03:52:13,322 DEBUG [main] hfLogger:258 - --- Password: NBKDS24UK3
 2018-05-27 03:52:33,491  WARN [main] hfLogger:366 - ***** ERROR: logInTest Test failed
 2018-05-27 03:52:33,492  INFO [main] hfLogger:69 - --- Taking snapshot now 
 2018-05-27 03:52:53,596  WARN [main] hfLogger:366 - ***** ERROR: checkoutTest Test failed
 2018-05-27 03:52:53,596  INFO [main] hfLogger:69 - --- Taking snapshot now 
 2018-05-27 03:53:18,005  INFO [main] hfLogger:111 - Launching Firefox...
 2018-05-27 03:53:52,007  INFO [main] hfLogger:215 - 5760e699b19d@CRVRQQ.ZZ
 2018-05-27 03:54:13,069  WARN [main] hfLogger:367 - ***** ERROR: signInTest Test failed
 2018-05-27 03:54:13,069  INFO [main] hfLogger:69 - --- Taking snapshot now 
 2018-05-27 03:54:13,252 DEBUG [main] hfLogger:257 - --- Logging-In Using: 5760e699b19d@CRVRQQ.ZZ
 2018-05-27 03:54:13,254 DEBUG [main] hfLogger:258 - --- Password: B4MVU91MEEUN
 2018-05-27 03:54:17,769  WARN [main] hfLogger:367 - ***** ERROR: logInTest Test failed
 2018-05-27 03:54:17,770  INFO [main] hfLogger:69 - --- Taking snapshot now 
 2018-05-27 03:54:27,453  INFO [main] hfLogger:286 - Browser name:firefox
 2018-05-27 03:54:27,990  WARN [main] hfLogger:367 - ***** ERROR: checkoutTest Test failed
 2018-05-27 03:54:27,991  INFO [main] hfLogger:69 - --- Taking snapshot now 
 2018-05-27 03:56:17,891  INFO [main] hfLogger:111 - Launching Firefox...
 2018-05-27 03:56:48,354  INFO [main] hfLogger:215 - eed322ae100d@OHMLFH.IBUX
 2018-05-27 03:57:09,450  WARN [main] hfLogger:368 - ***** ERROR: signInTest Test failed
 2018-05-27 03:57:09,451  INFO [main] hfLogger:69 - --- Taking snapshot now 
 2018-05-27 03:57:09,603 DEBUG [main] hfLogger:257 - --- Logging-In Using: eed322ae100d@OHMLFH.IBUX
 2018-05-27 03:57:09,604 DEBUG [main] hfLogger:258 - --- Password: PJDG4I8YMJE
 2018-05-27 03:57:13,642  WARN [main] hfLogger:368 - ***** ERROR: logInTest Test failed
 2018-05-27 03:57:13,644  INFO [main] hfLogger:69 - --- Taking snapshot now 
 2018-05-27 03:57:22,957  WARN [main] hfLogger:368 - ***** ERROR: checkoutTest Test failed
 2018-05-27 03:57:22,958  INFO [main] hfLogger:69 - --- Taking snapshot now 
 2018-05-27 03:57:43,543  WARN [main] hfLogger:368 - ***** ERROR: checkoutAndLoginTest Test failed
 2018-05-27 03:57:43,544  INFO [main] hfLogger:69 - --- Taking snapshot now 
 2018-05-27 03:57:46,534  INFO [main] hfLogger:111 - Launching Firefox...
 2018-05-27 04:00:25,894  INFO [main] hfLogger:111 - Launching Firefox...
 2018-05-27 04:00:57,887  INFO [main] hfLogger:215 - 3ffc4447d1d6@SKXOUJ.VKVFI
 2018-05-27 04:01:08,951 DEBUG [main] hfLogger:222 - --- Registered Email: 3ffc4447d1d6@SKXOUJ.VKVFI
 2018-05-27 04:01:08,952 DEBUG [main] hfLogger:223 - --- Password Used: N6CGU4UD47PA
 2018-05-27 04:01:23,215 DEBUG [main] hfLogger:257 - --- Logging-In Using: 3ffc4447d1d6@SKXOUJ.VKVFI
 2018-05-27 04:01:23,217 DEBUG [main] hfLogger:258 - --- Password: N6CGU4UD47PA
 2018-05-27 04:03:31,033  INFO [main] hfLogger:111 - Launching Firefox...
 2018-05-27 04:04:01,210  INFO [main] hfLogger:215 - 8f386f8b2140@YFVJXL.DXV
 2018-05-27 04:04:22,014  WARN [main] hfLogger:373 - ***** ERROR: signInTest Test failed
 2018-05-27 04:04:22,015  INFO [main] hfLogger:69 - --- Taking snapshot now 
 2018-05-27 04:04:22,143 DEBUG [main] hfLogger:257 - --- Logging-In Using: 8f386f8b2140@YFVJXL.DXV
 2018-05-27 04:04:22,144 DEBUG [main] hfLogger:258 - --- Password: 5XCONH4IZA
 2018-05-27 04:04:26,414  WARN [main] hfLogger:373 - ***** ERROR: logInTest Test failed
 2018-05-27 04:04:26,415  INFO [main] hfLogger:69 - --- Taking snapshot now 
 2018-05-27 04:04:38,582  INFO [main] hfLogger:288 - Browser Name: firefox
 2018-05-27 04:05:05,317  WARN [main] hfLogger:373 - ***** ERROR: checkoutTest Test failed
 2018-05-27 04:05:05,318  INFO [main] hfLogger:69 - --- Taking snapshot now 
 2018-05-27 04:05:10,022  INFO [main] hfLogger:324 - Browser Name: firefox
 2018-05-27 04:07:16,926  INFO [main] hfLogger:104 - Launching Chrome...
 2018-05-27 04:07:41,868  INFO [main] hfLogger:215 - ee241b3ee051@EPCBBE.JOVAY
 2018-05-27 04:07:44,674 DEBUG [main] hfLogger:222 - --- Registered Email: ee241b3ee051@EPCBBE.JOVAY
 2018-05-27 04:07:44,674 DEBUG [main] hfLogger:223 - --- Password Used: R39J4XG8MS
 2018-05-27 04:07:56,292 DEBUG [main] hfLogger:257 - --- Logging-In Using: ee241b3ee051@EPCBBE.JOVAY
 2018-05-27 04:07:56,293 DEBUG [main] hfLogger:258 - --- Password: R39J4XG8MS
 2018-05-27 04:09:14,406  INFO [main] hfLogger:111 - Launching Firefox...
 2018-05-27 04:09:43,008  INFO [main] hfLogger:215 - 37990423d05a@ZEESBG.PXP
 2018-05-27 04:09:55,865 DEBUG [main] hfLogger:222 - --- Registered Email: 37990423d05a@ZEESBG.PXP
 2018-05-27 04:09:55,865 DEBUG [main] hfLogger:223 - --- Password Used: LT6ES1STK4L
 2018-05-27 04:10:06,467 DEBUG [main] hfLogger:257 - --- Logging-In Using: 37990423d05a@ZEESBG.PXP
 2018-05-27 04:10:06,468 DEBUG [main] hfLogger:258 - --- Password: LT6ES1STK4L
 2018-05-27 04:11:28,758  INFO [main] hfLogger:117 - Launching Microsoft Edge...
 2018-05-27 04:11:34,739  INFO [main] hfLogger:124 - Launching InternetExplorer...
 2018-05-27 04:11:57,304  WARN [main] hfLogger:371 - ***** ERROR: signInTest Test failed
 2018-05-27 04:11:57,304  INFO [main] hfLogger:69 - --- Taking snapshot now 
 2018-05-27 04:11:57,332 DEBUG [main] hfLogger:257 - --- Logging-In Using: b672f63d4397@MEUNKX.GIJRX
 2018-05-27 04:11:57,332 DEBUG [main] hfLogger:258 - --- Password: R0BLCBGX1A7
 2018-05-27 04:12:17,551  WARN [main] hfLogger:371 - ***** ERROR: logInTest Test failed
 2018-05-27 04:12:17,551  INFO [main] hfLogger:69 - --- Taking snapshot now 
 2018-05-27 04:12:37,800  WARN [main] hfLogger:371 - ***** ERROR: checkoutTest Test failed
 2018-05-27 04:12:37,801  INFO [main] hfLogger:69 - --- Taking snapshot now 
 2018-05-27 04:12:58,165  WARN [main] hfLogger:371 - ***** ERROR: checkoutAndLoginTest Test failed
 2018-05-27 04:12:58,165  INFO [main] hfLogger:69 - --- Taking snapshot now 
 2018-05-27 12:20:21,749  INFO [main] hfLogger:144 - Launching Microsoft Edge...
 2018-05-27 12:20:29,494  INFO [main] hfLogger:133 - Launching Firefox...
 2018-05-27 12:21:50,873  INFO [main] hfLogger:144 - Launching Microsoft Edge...
 2018-05-27 12:21:59,628  INFO [main] hfLogger:133 - Launching Firefox...
 2018-05-27 12:25:07,957  INFO [main] hfLogger:144 - Launching Microsoft Edge...
 2018-05-27 12:25:16,409  INFO [main] hfLogger:133 - Launching Firefox...
 2018-05-27 12:27:12,380  INFO [main] hfLogger:145 - Launching Microsoft Edge...
 2018-05-27 12:27:20,406  INFO [main] hfLogger:134 - Launching Firefox...
 2018-05-27 12:31:47,851  INFO [main] hfLogger:146 - Launching Microsoft Edge...
 2018-05-27 12:32:12,072  INFO [main] hfLogger:135 - Launching Firefox...
 2018-05-27 12:38:08,848  INFO [main] hfLogger:146 - Launching Microsoft Edge...
 2018-05-27 12:38:24,783  WARN [main] hfLogger:392 - ***** ERROR: signInTest Test failed
 2018-05-27 12:38:24,784  INFO [main] hfLogger:79 - --- Taking snapshot now 
 2018-05-27 12:38:25,561 DEBUG [main] hfLogger:277 - --- Logging-In Using: 33889e6f8ff8@VSQDLU.CXE
 2018-05-27 12:38:25,562 DEBUG [main] hfLogger:278 - --- Password: 3VISXU4BIG
 2018-05-27 12:38:26,602  WARN [main] hfLogger:392 - ***** ERROR: logInTest Test failed
 2018-05-27 12:38:26,603  INFO [main] hfLogger:79 - --- Taking snapshot now 
 2018-05-27 12:38:27,206  WARN [main] hfLogger:392 - ***** ERROR: checkoutTest Test failed
 2018-05-27 12:38:27,207  INFO [main] hfLogger:79 - --- Taking snapshot now 
 2018-05-27 12:38:47,779  WARN [main] hfLogger:392 - ***** ERROR: checkoutAndLoginTest Test failed
 2018-05-27 12:38:47,780  INFO [main] hfLogger:79 - --- Taking snapshot now 
 2018-05-27 12:38:50,811  INFO [main] hfLogger:135 - Launching Firefox...
 2018-05-27 12:39:21,562  INFO [main] hfLogger:146 - Launching Microsoft Edge...
 2018-05-27 12:39:29,767  WARN [main] hfLogger:391 - ***** ERROR: signInTest Test failed
 2018-05-27 12:39:29,768  INFO [main] hfLogger:79 - --- Taking snapshot now 
 2018-05-27 12:39:30,166 DEBUG [main] hfLogger:276 - --- Logging-In Using: c96e2d099830@VHFAOH.KXTFWU
 2018-05-27 12:39:30,168 DEBUG [main] hfLogger:277 - --- Password: PZC2DBHZG3
 2018-05-27 12:39:30,526  WARN [main] hfLogger:391 - ***** ERROR: logInTest Test failed
 2018-05-27 12:39:30,527  INFO [main] hfLogger:79 - --- Taking snapshot now 
 2018-05-27 12:39:31,038  WARN [main] hfLogger:391 - ***** ERROR: checkoutTest Test failed
 2018-05-27 12:39:31,039  INFO [main] hfLogger:79 - --- Taking snapshot now 
 2018-05-27 12:40:17,601  INFO [main] hfLogger:146 - Launching Microsoft Edge...
 2018-05-27 12:40:27,714  INFO [main] hfLogger:231 - 0b325d34dbd6@BIPLWO.DO
 2018-05-27 12:40:46,425 DEBUG [main] hfLogger:238 - --- Registered Email: 0b325d34dbd6@BIPLWO.DO
 2018-05-27 12:40:46,430 DEBUG [main] hfLogger:239 - --- Password Used: P5ZWHUQOWPI
 2018-05-27 12:40:50,857  WARN [main] hfLogger:391 - ***** ERROR: signInTest Test failed
 2018-05-27 12:40:50,858  INFO [main] hfLogger:79 - --- Taking snapshot now 
 2018-05-27 12:40:51,008 DEBUG [main] hfLogger:276 - --- Logging-In Using: 0b325d34dbd6@BIPLWO.DO
 2018-05-27 12:40:51,010 DEBUG [main] hfLogger:277 - --- Password: P5ZWHUQOWPI
 2018-05-27 12:41:16,994  INFO [main] hfLogger:123 - Launching Chrome...
 2018-05-27 12:41:41,278  INFO [main] hfLogger:231 - 0b8cc14afc3c@YJUNBN.MOHP
 2018-05-27 12:41:44,660 DEBUG [main] hfLogger:238 - --- Registered Email: 0b8cc14afc3c@YJUNBN.MOHP
 2018-05-27 12:41:44,661 DEBUG [main] hfLogger:239 - --- Password Used: XZ6ROKMAHLVB
 2018-05-27 12:41:53,704 DEBUG [main] hfLogger:276 - --- Logging-In Using: 0b8cc14afc3c@YJUNBN.MOHP
 2018-05-27 12:41:53,705 DEBUG [main] hfLogger:277 - --- Password: XZ6ROKMAHLVB
 2018-05-27 12:42:44,247  INFO [main] hfLogger:135 - Launching Firefox...
 2018-05-27 12:43:24,939  INFO [main] hfLogger:231 - d056aec83aa1@YCQBQA.BXGB
 2018-05-27 12:43:31,098 DEBUG [main] hfLogger:238 - --- Registered Email: d056aec83aa1@YCQBQA.BXGB
 2018-05-27 12:43:31,099 DEBUG [main] hfLogger:239 - --- Password Used: 1ZMQM1CKQR
 2018-05-27 12:43:39,576 DEBUG [main] hfLogger:276 - --- Logging-In Using: d056aec83aa1@YCQBQA.BXGB
 2018-05-27 12:43:39,577 DEBUG [main] hfLogger:277 - --- Password: 1ZMQM1CKQR
 2018-05-27 12:44:31,884  INFO [main] hfLogger:146 - Launching Microsoft Edge...
 2018-05-27 12:44:44,389  WARN [main] hfLogger:391 - ***** ERROR: signInTest Test failed
 2018-05-27 12:44:44,390  INFO [main] hfLogger:79 - --- Taking snapshot now 
 2018-05-27 12:44:44,686 DEBUG [main] hfLogger:276 - --- Logging-In Using: 2a56b0594e09@TYGTJK.BVDCJF
 2018-05-27 12:44:44,687 DEBUG [main] hfLogger:277 - --- Password: IA8UT8T8HUV
 2018-05-27 12:44:44,728  WARN [main] hfLogger:391 - ***** ERROR: logInTest Test failed
 2018-05-27 12:44:44,729  INFO [main] hfLogger:79 - --- Taking snapshot now 
 2018-05-27 12:44:45,071  WARN [main] hfLogger:391 - ***** ERROR: checkoutTest Test failed
 2018-05-27 12:44:45,072  INFO [main] hfLogger:79 - --- Taking snapshot now 
 2018-05-27 12:44:45,429  WARN [main] hfLogger:391 - ***** ERROR: checkoutAndLoginTest Test failed
 2018-05-27 12:44:45,430  INFO [main] hfLogger:79 - --- Taking snapshot now 
 2018-05-27 12:44:48,519  INFO [main] hfLogger:158 - Launching InternetExplorer...
 2018-05-27 12:47:44,983  INFO [main] hfLogger:132 - Launching Firefox...
 2018-05-27 12:48:19,346  INFO [main] hfLogger:231 - Register with ID: 940502c13b0c@DRUMAC.DVXSG
 2018-05-27 12:48:40,666  WARN [main] hfLogger:392 - ***** ERROR: signInTest Test failed
 2018-05-27 12:48:40,667  INFO [main] hfLogger:76 - --- Taking snapshot now 
 2018-05-27 12:48:40,826 DEBUG [main] hfLogger:277 - --- Logging-In Using: 940502c13b0c@DRUMAC.DVXSG
 2018-05-27 12:48:40,827 DEBUG [main] hfLogger:278 - --- Password: EUZ7E92MRT
 2018-05-27 12:48:44,610  WARN [main] hfLogger:392 - ***** ERROR: logInTest Test failed
 2018-05-27 12:48:44,611  INFO [main] hfLogger:76 - --- Taking snapshot now 
 2018-05-27 12:50:43,086  INFO [main] hfLogger:132 - Launching Firefox...
 2018-05-27 12:51:12,746  INFO [main] hfLogger:231 - Register with ID: 864c8cfe64b0@APDCHG.RQNHTR
 2018-05-27 12:51:34,791  WARN [main] hfLogger:394 - ***** ERROR: signInTest Test failed
 2018-05-27 12:51:34,792  INFO [main] hfLogger:76 - --- Taking snapshot now 
 2018-05-27 12:51:34,988 DEBUG [main] hfLogger:279 - --- Logging-In Using: 864c8cfe64b0@APDCHG.RQNHTR
 2018-05-27 12:51:34,991 DEBUG [main] hfLogger:280 - --- Password: 0QX4EDCLZU
 2018-05-27 12:52:42,587  INFO [main] hfLogger:132 - Launching Firefox...
 2018-05-27 12:53:13,507  INFO [main] hfLogger:231 - Register with ID: 62f29ee4a122@YMZXXM.BNTKX
 2018-05-27 12:53:14,380  INFO [main] hfLogger:235 - not reached
 2018-05-27 12:53:35,430  WARN [main] hfLogger:395 - ***** ERROR: signInTest Test failed
 2018-05-27 12:53:35,431  INFO [main] hfLogger:76 - --- Taking snapshot now 
 2018-05-27 12:53:35,523 DEBUG [main] hfLogger:280 - --- Logging-In Using: 62f29ee4a122@YMZXXM.BNTKX
 2018-05-27 12:53:35,524 DEBUG [main] hfLogger:281 - --- Password: D5EWCLY1HF
 2018-05-27 12:53:40,172  WARN [main] hfLogger:395 - ***** ERROR: logInTest Test failed
 2018-05-27 12:53:40,173  INFO [main] hfLogger:76 - --- Taking snapshot now 
 2018-05-27 12:54:58,141  INFO [main] hfLogger:132 - Launching Firefox...
 2018-05-27 12:55:31,290  INFO [main] hfLogger:231 - Register with ID: 2e96ba585b8e@UNYMHZ.UMAH
 2018-05-27 12:55:32,273  INFO [main] hfLogger:235 - not reached
 2018-05-27 12:55:53,388  WARN [main] hfLogger:395 - ***** ERROR: signInTest Test failed
 2018-05-27 12:55:53,389  INFO [main] hfLogger:76 - --- Taking snapshot now 
 2018-05-27 12:55:53,555 DEBUG [main] hfLogger:280 - --- Logging-In Using: 2e96ba585b8e@UNYMHZ.UMAH
 2018-05-27 12:55:53,557 DEBUG [main] hfLogger:281 - --- Password: 2118MS47Q1
 2018-05-27 12:55:58,262  WARN [main] hfLogger:395 - ***** ERROR: logInTest Test failed
 2018-05-27 12:55:58,263  INFO [main] hfLogger:76 - --- Taking snapshot now 
 2018-05-27 12:58:01,329  INFO [main] hfLogger:132 - Launching Firefox...
 2018-05-27 12:58:32,160  INFO [main] hfLogger:231 - Register with ID: 06f0baf62e6e@OZPWXD.BQRE
 2018-05-27 12:58:33,171  INFO [main] hfLogger:235 - not reached
 2018-05-27 12:58:45,635  INFO [main] hfLogger:242 - --- Registered Email: 06f0baf62e6e@OZPWXD.BQRE
 2018-05-27 12:58:45,637  INFO [main] hfLogger:243 - --- Password Used: TU44C70POV
 2018-05-27 13:01:04,413  INFO [main] hfLogger:132 - Launching Firefox...
 2018-05-27 13:01:38,162  INFO [main] hfLogger:231 - Register with ID: d75c9008029e@WOCXFI.OZWB
 2018-05-27 13:01:38,593  INFO [main] hfLogger:235 - not reached
 2018-05-27 13:01:41,859  INFO [main] hfLogger:242 - --- Registered Email: d75c9008029e@WOCXFI.OZWB
 2018-05-27 13:01:41,860  INFO [main] hfLogger:243 - --- Password Used: K0DL8ZMSEO4
 2018-05-27 13:01:51,661 DEBUG [main] hfLogger:280 - --- Logging-In Using: d75c9008029e@WOCXFI.OZWB
 2018-05-27 13:01:51,662 DEBUG [main] hfLogger:281 - --- Password: K0DL8ZMSEO4
 2018-05-27 13:02:48,155  INFO [main] hfLogger:143 - Launching Microsoft Edge...
 2018-05-27 13:02:53,471  INFO [main] hfLogger:231 - Register with ID: b75b0f6af3a1@CFHENM.CPHMYP
 2018-05-27 13:02:53,533  WARN [main] hfLogger:395 - ***** ERROR: signInTest Test failed
 2018-05-27 13:02:53,534  INFO [main] hfLogger:76 - --- Taking snapshot now 
 2018-05-27 13:02:53,905 DEBUG [main] hfLogger:280 - --- Logging-In Using: b75b0f6af3a1@CFHENM.CPHMYP
 2018-05-27 13:02:53,906 DEBUG [main] hfLogger:281 - --- Password: M26IK308M5
 2018-05-27 13:02:54,107  WARN [main] hfLogger:395 - ***** ERROR: logInTest Test failed
 2018-05-27 13:02:54,109  INFO [main] hfLogger:76 - --- Taking snapshot now 
 2018-05-27 13:02:54,519  WARN [main] hfLogger:395 - ***** ERROR: checkoutTest Test failed
 2018-05-27 13:02:54,520  INFO [main] hfLogger:76 - --- Taking snapshot now 
 2018-05-27 13:04:15,119  INFO [main] hfLogger:132 - Launching Firefox...
 2018-05-27 13:04:49,650  INFO [main] hfLogger:231 - Register with ID: 0943b7df40bd@KZCJBA.PRIL
 2018-05-27 13:05:10,906  WARN [main] hfLogger:394 - ***** ERROR: signInTest Test failed
 2018-05-27 13:05:10,907  INFO [main] hfLogger:76 - --- Taking snapshot now 
 2018-05-27 13:05:11,028 DEBUG [main] hfLogger:279 - --- Logging-In Using: 0943b7df40bd@KZCJBA.PRIL
 2018-05-27 13:05:11,031 DEBUG [main] hfLogger:280 - --- Password: QG77YILG8R
 2018-05-27 13:05:52,422  INFO [main] hfLogger:132 - Launching Firefox...
 2018-05-27 13:06:22,663  INFO [main] hfLogger:231 - Register with ID: a4c66af25d71@ZLBDDX.VM
 2018-05-27 13:06:44,680  WARN [main] hfLogger:396 - ***** ERROR: signInTest Test failed
 2018-05-27 13:06:44,681  INFO [main] hfLogger:76 - --- Taking snapshot now 
 2018-05-27 13:06:44,840 DEBUG [main] hfLogger:281 - --- Logging-In Using: a4c66af25d71@ZLBDDX.VM
 2018-05-27 13:06:44,842 DEBUG [main] hfLogger:282 - --- Password: 9FOAJ2CXX9
 2018-05-27 13:06:49,009  WARN [main] hfLogger:396 - ***** ERROR: logInTest Test failed
 2018-05-27 13:06:49,010  INFO [main] hfLogger:76 - --- Taking snapshot now 
 2018-05-27 13:07:16,965  INFO [main] hfLogger:132 - Launching Firefox...
 2018-05-27 13:07:47,879  INFO [main] hfLogger:231 - Register with ID: 3048dd969827@INYQHL.DEA
 2018-05-27 13:07:51,582  INFO [main] hfLogger:243 - --- Registered Email: 3048dd969827@INYQHL.DEA
 2018-05-27 13:07:51,583  INFO [main] hfLogger:244 - --- Password Used: 44MGIX3PZ7F
 2018-05-27 13:08:01,049 DEBUG [main] hfLogger:281 - --- Logging-In Using: 3048dd969827@INYQHL.DEA
 2018-05-27 13:08:01,051 DEBUG [main] hfLogger:282 - --- Password: 44MGIX3PZ7F
 2018-05-27 13:08:52,353  INFO [main] hfLogger:143 - Launching Microsoft Edge...
 2018-05-27 13:08:57,086  INFO [main] hfLogger:231 - Register with ID: 54c3678e8128@CLQCOC.PXV
 2018-05-27 13:08:57,153  WARN [main] hfLogger:396 - ***** ERROR: signInTest Test failed
 2018-05-27 13:08:57,154  INFO [main] hfLogger:76 - --- Taking snapshot now 
 2018-05-27 13:08:57,473 DEBUG [main] hfLogger:281 - --- Logging-In Using: 54c3678e8128@CLQCOC.PXV
 2018-05-27 13:08:57,473 DEBUG [main] hfLogger:282 - --- Password: WSHXYW8CDJ3Z
 2018-05-27 13:08:57,619  WARN [main] hfLogger:396 - ***** ERROR: logInTest Test failed
 2018-05-27 13:08:57,620  INFO [main] hfLogger:76 - --- Taking snapshot now 
 2018-05-27 13:08:58,316  WARN [main] hfLogger:396 - ***** ERROR: checkoutTest Test failed
 2018-05-27 13:08:58,317  INFO [main] hfLogger:76 - --- Taking snapshot now 
 2018-05-27 13:09:18,965  WARN [main] hfLogger:396 - ***** ERROR: checkoutAndLoginTest Test failed
 2018-05-27 13:09:18,966  INFO [main] hfLogger:76 - --- Taking snapshot now 
 2018-05-27 13:09:21,896  INFO [main] hfLogger:143 - Launching Microsoft Edge...
 2018-05-27 13:09:27,730  INFO [main] hfLogger:231 - Register with ID: f8385130f2bb@BTWGIZ.VHBO
 2018-05-27 13:09:27,757  WARN [main] hfLogger:396 - ***** ERROR: signInTest Test failed
 2018-05-27 13:09:27,758  INFO [main] hfLogger:76 - --- Taking snapshot now 
 2018-05-27 13:09:28,036 DEBUG [main] hfLogger:281 - --- Logging-In Using: f8385130f2bb@BTWGIZ.VHBO
 2018-05-27 13:09:28,037 DEBUG [main] hfLogger:282 - --- Password: 49EASZ7B389
 2018-05-27 13:09:28,078  WARN [main] hfLogger:396 - ***** ERROR: logInTest Test failed
 2018-05-27 13:09:28,079  INFO [main] hfLogger:76 - --- Taking snapshot now 
 2018-05-27 13:09:28,720  WARN [main] hfLogger:396 - ***** ERROR: checkoutTest Test failed
 2018-05-27 13:09:28,721  INFO [main] hfLogger:76 - --- Taking snapshot now 
 2018-05-27 13:09:49,532  WARN [main] hfLogger:396 - ***** ERROR: checkoutAndLoginTest Test failed
 2018-05-27 13:09:49,533  INFO [main] hfLogger:76 - --- Taking snapshot now 
 2018-05-27 13:09:52,521  INFO [main] hfLogger:155 - Launching InternetExplorer...
 2018-05-27 13:10:20,635  WARN [main] hfLogger:396 - ***** ERROR: signInTest Test failed
 2018-05-27 13:10:20,636  INFO [main] hfLogger:76 - --- Taking snapshot now 
 2018-05-27 13:10:20,644 DEBUG [main] hfLogger:281 - --- Logging-In Using: 60dd0672bcf4@IGJLDD.JIDYCA
 2018-05-27 13:10:20,644 DEBUG [main] hfLogger:282 - --- Password: W32HSBSHOOV
 2018-05-27 13:10:41,103  WARN [main] hfLogger:396 - ***** ERROR: logInTest Test failed
 2018-05-27 13:10:41,104  INFO [main] hfLogger:76 - --- Taking snapshot now 
 2018-05-27 13:11:01,302  WARN [main] hfLogger:396 - ***** ERROR: checkoutTest Test failed
 2018-05-27 13:11:01,303  INFO [main] hfLogger:76 - --- Taking snapshot now 
 2018-05-27 13:14:17,213  INFO [main] hfLogger:132 - Launching Firefox...
 2018-05-27 13:14:50,113  INFO [main] hfLogger:231 - Register with ID: c6b4908b995c@IIHHAR.BTCISH
 2018-05-27 13:14:53,652  INFO [main] hfLogger:242 - --- Registered Email: c6b4908b995c@IIHHAR.BTCISH
 2018-05-27 13:14:53,653  INFO [main] hfLogger:243 - --- Password Used: MFDEXOZPDC
 2018-05-27 13:15:02,072 DEBUG [main] hfLogger:280 - --- Logging-In Using: c6b4908b995c@IIHHAR.BTCISH
 2018-05-27 13:15:02,074 DEBUG [main] hfLogger:281 - --- Password: MFDEXOZPDC
 2018-05-27 13:15:58,915  INFO [main] hfLogger:143 - Launching Microsoft Edge...
 2018-05-27 13:16:03,665  INFO [main] hfLogger:231 - Register with ID: 371a1fac0f15@MDDAHP.HCMNB
 2018-05-27 13:16:03,708  WARN [main] hfLogger:395 - ***** ERROR: signInTest Test failed
 2018-05-27 13:16:03,709  INFO [main] hfLogger:76 - --- Taking snapshot now 
 2018-05-27 13:16:04,089 DEBUG [main] hfLogger:280 - --- Logging-In Using: 371a1fac0f15@MDDAHP.HCMNB
 2018-05-27 13:16:04,091 DEBUG [main] hfLogger:281 - --- Password: A6OUCOH808
 2018-05-27 13:16:04,653  WARN [main] hfLogger:395 - ***** ERROR: logInTest Test failed
 2018-05-27 13:16:04,654  INFO [main] hfLogger:76 - --- Taking snapshot now 
 2018-05-27 13:16:05,067  WARN [main] hfLogger:395 - ***** ERROR: checkoutTest Test failed
 2018-05-27 13:16:05,068  INFO [main] hfLogger:76 - --- Taking snapshot now 
 2018-05-27 13:16:26,093  WARN [main] hfLogger:395 - ***** ERROR: checkoutAndLoginTest Test failed
 2018-05-27 13:16:26,094  INFO [main] hfLogger:76 - --- Taking snapshot now 
 2018-05-27 13:16:28,885  INFO [main] hfLogger:143 - Launching Microsoft Edge...
 2018-05-27 13:16:33,611  INFO [main] hfLogger:231 - Register with ID: 5a70b8836f51@QHEOYY.GLCV
 2018-05-27 13:16:33,655  WARN [main] hfLogger:395 - ***** ERROR: signInTest Test failed
 2018-05-27 13:16:33,655  INFO [main] hfLogger:76 - --- Taking snapshot now 
 2018-05-27 13:16:33,994 DEBUG [main] hfLogger:280 - --- Logging-In Using: 5a70b8836f51@QHEOYY.GLCV
 2018-05-27 13:16:33,995 DEBUG [main] hfLogger:281 - --- Password: GFRTL04DXXVO
 2018-05-27 13:16:34,224  WARN [main] hfLogger:395 - ***** ERROR: logInTest Test failed
 2018-05-27 13:16:34,225  INFO [main] hfLogger:76 - --- Taking snapshot now 
 2018-05-27 13:16:34,595  WARN [main] hfLogger:395 - ***** ERROR: checkoutTest Test failed
 2018-05-27 13:16:34,596  INFO [main] hfLogger:76 - --- Taking snapshot now 
 2018-05-27 13:19:16,278  INFO [main] hfLogger:143 - Launching Microsoft Edge...
 2018-05-27 13:19:26,170  INFO [main] hfLogger:231 - Register with ID: 17a2061f0835@GSPKPX.GXOOB
 2018-05-27 13:19:26,215  WARN [main] hfLogger:395 - ***** ERROR: signInTest Test failed
 2018-05-27 13:19:26,237 DEBUG [main] hfLogger:280 - --- Logging-In Using: 17a2061f0835@GSPKPX.GXOOB
 2018-05-27 13:19:26,238 DEBUG [main] hfLogger:281 - --- Password: FUQXEPRI4Q
 2018-05-27 13:19:26,333  WARN [main] hfLogger:395 - ***** ERROR: logInTest Test failed
 2018-05-27 13:19:26,423  WARN [main] hfLogger:395 - ***** ERROR: checkoutTest Test failed
 2018-05-27 13:20:52,645  INFO [main] hfLogger:143 - Launching Microsoft Edge...
 2018-05-27 13:21:01,221  INFO [main] hfLogger:231 - Register with ID: ae4cda99def1@NHLPKN.XI
 2018-05-27 13:21:01,270  WARN [main] hfLogger:395 - ***** ERROR: signInTest Test failed
 2018-05-27 13:21:01,271  INFO [main] hfLogger:76 - --- Taking snapshot now 
 2018-05-27 13:21:02,301 DEBUG [main] hfLogger:280 - --- Logging-In Using: ae4cda99def1@NHLPKN.XI
 2018-05-27 13:21:02,302 DEBUG [main] hfLogger:281 - --- Password: WEAHR3G7JBMR
 2018-05-27 13:21:02,358  WARN [main] hfLogger:395 - ***** ERROR: logInTest Test failed
 2018-05-27 13:21:02,359  INFO [main] hfLogger:76 - --- Taking snapshot now 
 2018-05-27 13:21:02,803  WARN [main] hfLogger:395 - ***** ERROR: checkoutTest Test failed
 2018-05-27 13:21:02,803  INFO [main] hfLogger:76 - --- Taking snapshot now 
 2018-05-27 13:21:23,378  WARN [main] hfLogger:395 - ***** ERROR: checkoutAndLoginTest Test failed
 2018-05-27 13:21:23,379  INFO [main] hfLogger:76 - --- Taking snapshot now 
 2018-05-27 13:21:28,284  INFO [main] hfLogger:143 - Launching Microsoft Edge...
 2018-05-27 13:21:33,984  INFO [main] hfLogger:231 - Register with ID: f8cb623bc6dc@DKPPDQ.WOI
 2018-05-27 13:21:33,996  WARN [main] hfLogger:395 - ***** ERROR: signInTest Test failed
 2018-05-27 13:21:33,996  INFO [main] hfLogger:76 - --- Taking snapshot now 
 2018-05-27 13:21:34,476 DEBUG [main] hfLogger:280 - --- Logging-In Using: f8cb623bc6dc@DKPPDQ.WOI
 2018-05-27 13:21:34,477 DEBUG [main] hfLogger:281 - --- Password: 40QY9K2D418
 2018-05-27 13:21:34,923  WARN [main] hfLogger:395 - ***** ERROR: logInTest Test failed
 2018-05-27 13:21:34,923  INFO [main] hfLogger:76 - --- Taking snapshot now 
 2018-05-27 13:21:35,450  WARN [main] hfLogger:395 - ***** ERROR: checkoutTest Test failed
 2018-05-27 13:21:35,451  INFO [main] hfLogger:76 - --- Taking snapshot now 
 2018-05-27 13:21:56,302  WARN [main] hfLogger:395 - ***** ERROR: checkoutAndLoginTest Test failed
 2018-05-27 13:21:56,303  INFO [main] hfLogger:76 - --- Taking snapshot now 
 2018-05-27 13:21:59,143  INFO [main] hfLogger:143 - Launching Microsoft Edge...
 2018-05-27 13:22:01,626  INFO [main] hfLogger:155 - Launching InternetExplorer...
 2018-05-27 13:25:54,386  INFO [main] hfLogger:143 - Launching Microsoft Edge...
 2018-05-27 13:26:05,721  INFO [main] hfLogger:231 - Register with ID: 6bfeb9d79b34@KGIYXM.YGTTQ
 2018-05-27 13:26:26,044  WARN [main] hfLogger:395 - ***** ERROR: signInTest Test failed
 2018-05-27 13:26:26,045  INFO [main] hfLogger:76 - --- Taking snapshot now 
 2018-05-27 13:26:26,235 DEBUG [main] hfLogger:280 - --- Logging-In Using: 6bfeb9d79b34@KGIYXM.YGTTQ
 2018-05-27 13:26:26,237 DEBUG [main] hfLogger:281 - --- Password: 798P9BS2N2E
 2018-05-27 13:26:26,706  WARN [main] hfLogger:395 - ***** ERROR: logInTest Test failed
 2018-05-27 13:26:26,706  INFO [main] hfLogger:76 - --- Taking snapshot now 
 2018-05-27 13:26:27,254  WARN [main] hfLogger:395 - ***** ERROR: checkoutTest Test failed
 2018-05-27 13:26:27,255  INFO [main] hfLogger:76 - --- Taking snapshot now 
 2018-05-27 13:26:27,514  WARN [main] hfLogger:395 - ***** ERROR: checkoutAndLoginTest Test failed
 2018-05-27 13:26:27,514  INFO [main] hfLogger:76 - --- Taking snapshot now 
 2018-05-27 13:26:55,323  INFO [main] hfLogger:143 - Launching Microsoft Edge...
 2018-05-27 13:27:03,191  INFO [main] hfLogger:231 - Register with ID: 9583f2c7d79f@KOENJT.PWH
 2018-05-27 13:27:03,277  WARN [main] hfLogger:395 - ***** ERROR: signInTest Test failed
 2018-05-27 13:27:03,283  INFO [main] hfLogger:76 - --- Taking snapshot now 
 2018-05-27 13:27:03,908 DEBUG [main] hfLogger:280 - --- Logging-In Using: 9583f2c7d79f@KOENJT.PWH
 2018-05-27 13:27:03,909 DEBUG [main] hfLogger:281 - --- Password: EQN57D7M93
 2018-05-27 13:27:04,131  WARN [main] hfLogger:395 - ***** ERROR: logInTest Test failed
 2018-05-27 13:27:04,132  INFO [main] hfLogger:76 - --- Taking snapshot now 
 2018-05-27 13:27:04,625  WARN [main] hfLogger:395 - ***** ERROR: checkoutTest Test failed
 2018-05-27 13:27:04,626  INFO [main] hfLogger:76 - --- Taking snapshot now 
 2018-05-27 13:28:17,507  INFO [main] hfLogger:143 - Launching Microsoft Edge...
 2018-05-27 13:28:25,621  INFO [main] hfLogger:231 - Register with ID: 3be6bc27cb52@DABULA.VNE
 2018-05-27 13:28:25,726  WARN [main] hfLogger:395 - ***** ERROR: signInTest Test failed
 2018-05-27 13:28:25,727  INFO [main] hfLogger:76 - --- Taking snapshot now 
 2018-05-27 13:28:26,277 DEBUG [main] hfLogger:280 - --- Logging-In Using: 3be6bc27cb52@DABULA.VNE
 2018-05-27 13:28:26,278 DEBUG [main] hfLogger:281 - --- Password: 24HQHPORAQS
 2018-05-27 13:28:26,430  WARN [main] hfLogger:395 - ***** ERROR: logInTest Test failed
 2018-05-27 13:28:26,431  INFO [main] hfLogger:76 - --- Taking snapshot now 
 2018-05-27 13:28:26,938  WARN [main] hfLogger:395 - ***** ERROR: checkoutTest Test failed
 2018-05-27 13:28:26,939  INFO [main] hfLogger:76 - --- Taking snapshot now 
 2018-05-27 13:34:56,995  INFO [main] hfLogger:120 - Launching Chrome...
 2018-05-27 13:35:21,568  INFO [main] hfLogger:231 - Register with ID: bcddef7bdc02@GZYBUD.UY
 2018-05-27 13:35:25,339  INFO [main] hfLogger:242 - --- Registered Email: bcddef7bdc02@GZYBUD.UY
 2018-05-27 13:35:25,340  INFO [main] hfLogger:243 - --- Password Used: JO164QC3UCG
 2018-05-27 13:35:35,288 DEBUG [main] hfLogger:280 - --- Logging-In Using: bcddef7bdc02@GZYBUD.UY
 2018-05-27 13:35:35,290 DEBUG [main] hfLogger:281 - --- Password: JO164QC3UCG
 2018-05-27 13:36:29,153  INFO [main] hfLogger:132 - Launching Firefox...
 2018-05-27 13:36:56,304  INFO [main] hfLogger:231 - Register with ID: 86018252ff23@TFLFHI.TVJMN
 2018-05-27 13:37:00,355  INFO [main] hfLogger:242 - --- Registered Email: 86018252ff23@TFLFHI.TVJMN
 2018-05-27 13:37:00,356  INFO [main] hfLogger:243 - --- Password Used: X3LP28P3SVMP
 2018-05-27 13:37:10,289 DEBUG [main] hfLogger:280 - --- Logging-In Using: 86018252ff23@TFLFHI.TVJMN
 2018-05-27 13:37:10,291 DEBUG [main] hfLogger:281 - --- Password: X3LP28P3SVMP
 2018-05-27 13:38:06,393  INFO [main] hfLogger:143 - Launching Microsoft Edge...
 2018-05-27 13:38:13,813  INFO [main] hfLogger:231 - Register with ID: fbcaeb3e0e69@KMIBUS.ZEI
 2018-05-27 13:38:34,073  WARN [main] hfLogger:395 - ***** ERROR: signInTest Test failed
 2018-05-27 13:38:34,074  INFO [main] hfLogger:76 - --- Taking snapshot now 
 2018-05-27 13:38:34,243 DEBUG [main] hfLogger:280 - --- Logging-In Using: fbcaeb3e0e69@KMIBUS.ZEI
 2018-05-27 13:38:34,244 DEBUG [main] hfLogger:281 - --- Password: AYFTBV3KKVTW
 2018-05-27 13:38:34,722  WARN [main] hfLogger:395 - ***** ERROR: logInTest Test failed
 2018-05-27 13:38:34,723  INFO [main] hfLogger:76 - --- Taking snapshot now 
 2018-05-27 13:38:35,448  WARN [main] hfLogger:395 - ***** ERROR: checkoutTest Test failed
 2018-05-27 13:38:35,449  INFO [main] hfLogger:76 - --- Taking snapshot now 
 2018-05-27 13:38:35,699  WARN [main] hfLogger:395 - ***** ERROR: checkoutAndLoginTest Test failed
 2018-05-27 13:38:35,700  INFO [main] hfLogger:76 - --- Taking snapshot now 
 2018-05-27 13:38:38,915  INFO [main] hfLogger:155 - Launching InternetExplorer...
 2018-05-27 13:39:04,926  WARN [main] hfLogger:395 - ***** ERROR: signInTest Test failed
 2018-05-27 13:39:04,927  INFO [main] hfLogger:76 - --- Taking snapshot now 
 2018-05-27 13:39:04,943 DEBUG [main] hfLogger:280 - --- Logging-In Using: bc91191cdaa3@OWGQVD.WNTXZQ
 2018-05-27 13:39:04,944 DEBUG [main] hfLogger:281 - --- Password: MHLY83EHG84
 2018-05-27 13:39:25,092  WARN [main] hfLogger:395 - ***** ERROR: logInTest Test failed
 2018-05-27 13:39:25,093  INFO [main] hfLogger:76 - --- Taking snapshot now 
 2018-05-27 13:39:45,254  WARN [main] hfLogger:395 - ***** ERROR: checkoutTest Test failed
 2018-05-27 13:39:45,254  INFO [main] hfLogger:76 - --- Taking snapshot now 
 2018-05-27 13:44:33,558  INFO [main] hfLogger:115 - Launching Chrome...
 2018-05-27 13:44:58,148  INFO [main] hfLogger:214 - Register with ID: 05e6a1c1fdb0@SGPPCE.RDM
 2018-05-27 13:45:01,930  INFO [main] hfLogger:225 - --- Registered Email: 05e6a1c1fdb0@SGPPCE.RDM
 2018-05-27 13:45:01,931  INFO [main] hfLogger:226 - --- Password Used: 1PFV145JFV9D
 2018-05-27 13:45:11,418 DEBUG [main] hfLogger:263 - --- Logging-In Using: 05e6a1c1fdb0@SGPPCE.RDM
 2018-05-27 13:45:11,420 DEBUG [main] hfLogger:264 - --- Password: 1PFV145JFV9D
 2018-05-27 13:46:04,401  INFO [main] hfLogger:127 - Launching Firefox...
 2018-05-27 13:46:33,580  INFO [main] hfLogger:214 - Register with ID: 171e15911551@JYUZMH.QBVF
 2018-05-27 13:46:37,009  INFO [main] hfLogger:225 - --- Registered Email: 171e15911551@JYUZMH.QBVF
 2018-05-27 13:46:37,010  INFO [main] hfLogger:226 - --- Password Used: D2THT7I8WN6S
 2018-05-27 13:46:45,532 DEBUG [main] hfLogger:263 - --- Logging-In Using: 171e15911551@JYUZMH.QBVF
 2018-05-27 13:46:45,533 DEBUG [main] hfLogger:264 - --- Password: D2THT7I8WN6S
 2018-05-27 13:47:14,461  WARN [main] hfLogger:378 - ***** ERROR: checkoutTest Test failed
 2018-05-27 13:47:14,462  INFO [main] hfLogger:75 - --- Taking snapshot now 
 2018-05-27 13:47:24,401  WARN [main] hfLogger:378 - ***** ERROR: checkoutAndLoginTest Test failed
 2018-05-27 13:47:24,402  INFO [main] hfLogger:75 - --- Taking snapshot now 
 2018-05-27 13:47:27,372  INFO [main] hfLogger:138 - Launching Microsoft Edge...
 2018-05-27 13:47:32,817  INFO [main] hfLogger:214 - Register with ID: 6021045dbe22@DIUWIT.XPH
 2018-05-27 13:47:32,914  WARN [main] hfLogger:378 - ***** ERROR: signInTest Test failed
 2018-05-27 13:47:32,915  INFO [main] hfLogger:75 - --- Taking snapshot now 
 2018-05-27 13:47:33,360 DEBUG [main] hfLogger:263 - --- Logging-In Using: 6021045dbe22@DIUWIT.XPH
 2018-05-27 13:47:33,361 DEBUG [main] hfLogger:264 - --- Password: JYBRQ31SQW
 2018-05-27 13:47:33,661  WARN [main] hfLogger:378 - ***** ERROR: logInTest Test failed
 2018-05-27 13:47:33,662  INFO [main] hfLogger:75 - --- Taking snapshot now 
 2018-05-27 13:47:33,968  WARN [main] hfLogger:378 - ***** ERROR: checkoutTest Test failed
 2018-05-27 13:47:33,968  INFO [main] hfLogger:75 - --- Taking snapshot now 
 2018-05-27 13:47:54,544  WARN [main] hfLogger:378 - ***** ERROR: checkoutAndLoginTest Test failed
 2018-05-27 13:47:54,545  INFO [main] hfLogger:75 - --- Taking snapshot now 
 2018-05-27 13:48:33,978  INFO [main] hfLogger:115 - Launching Chrome...
 2018-05-27 13:48:54,770  INFO [main] hfLogger:214 - Register with ID: ccb8f8576ef4@CXBPBH.QC
 2018-05-27 13:48:58,155  INFO [main] hfLogger:225 - --- Registered Email: ccb8f8576ef4@CXBPBH.QC
 2018-05-27 13:48:58,156  INFO [main] hfLogger:226 - --- Password Used: YH26LHTLVC2F
 2018-05-27 13:49:06,945 DEBUG [main] hfLogger:263 - --- Logging-In Using: ccb8f8576ef4@CXBPBH.QC
 2018-05-27 13:49:06,946 DEBUG [main] hfLogger:264 - --- Password: YH26LHTLVC2F
 2018-05-27 13:50:00,740  INFO [main] hfLogger:127 - Launching Firefox...
 2018-05-27 13:50:28,887  INFO [main] hfLogger:214 - Register with ID: c72850d396b6@VRYGSJ.DOMOF
 2018-05-27 13:50:32,145  INFO [main] hfLogger:225 - --- Registered Email: c72850d396b6@VRYGSJ.DOMOF
 2018-05-27 13:50:32,146  INFO [main] hfLogger:226 - --- Password Used: 9T5QVOHJEO
 2018-05-27 13:50:41,156 DEBUG [main] hfLogger:263 - --- Logging-In Using: c72850d396b6@VRYGSJ.DOMOF
 2018-05-27 13:50:41,158 DEBUG [main] hfLogger:264 - --- Password: 9T5QVOHJEO
 2018-05-27 13:51:36,450  INFO [main] hfLogger:138 - Launching Microsoft Edge...
 2018-05-27 13:51:41,088  INFO [main] hfLogger:214 - Register with ID: 357f3501cf39@YRYHRD.KUM
 2018-05-27 13:51:41,145  WARN [main] hfLogger:378 - ***** ERROR: signInTest Test failed
 2018-05-27 13:51:41,145  INFO [main] hfLogger:75 - --- Taking snapshot now 
 2018-05-27 13:51:41,603 DEBUG [main] hfLogger:263 - --- Logging-In Using: 357f3501cf39@YRYHRD.KUM
 2018-05-27 13:51:41,604 DEBUG [main] hfLogger:264 - --- Password: 156RAA9WPSGA
 2018-05-27 13:51:42,065  WARN [main] hfLogger:378 - ***** ERROR: logInTest Test failed
 2018-05-27 13:51:42,066  INFO [main] hfLogger:75 - --- Taking snapshot now 
 2018-05-27 13:51:42,364  WARN [main] hfLogger:378 - ***** ERROR: checkoutTest Test failed
 2018-05-27 13:51:42,364  INFO [main] hfLogger:75 - --- Taking snapshot now 
 2018-05-27 13:52:02,925  WARN [main] hfLogger:378 - ***** ERROR: checkoutAndLoginTest Test failed
 2018-05-27 13:52:02,926  INFO [main] hfLogger:75 - --- Taking snapshot now 
 